<?xml version="1.0" encoding="utf-8"?>
<CoverageSession xmlns:xsd="http://www.w3.org/2001/XMLSchema" xmlns:xsi="http://www.w3.org/2001/XMLSchema-instance">
  <Summary numSequencePoints="324" visitedSequencePoints="309" numBranchPoints="82" visitedBranchPoints="75" sequenceCoverage="95.37" branchCoverage="91.46" maxCyclomaticComplexity="7" minCyclomaticComplexity="0" visitedClasses="12" numClasses="13" visitedMethods="51" numMethods="58" />
  <Modules>
    <Module skippedDueTo="Filter" hash="78-BA-8A-4C-95-01-09-2F-AA-BB-D8-35-47-32-14-0D-C7-3C-BA-E1">
      <ModulePath>C:\WINDOWS\Microsoft.Net\assembly\GAC_32\mscorlib\v4.0_4.0.0.0__b77a5c561934e089\mscorlib.dll</ModulePath>
      <ModuleTime>2017-03-18T21:00:02.5734784Z</ModuleTime>
      <ModuleName>mscorlib</ModuleName>
      <Classes />
    </Module>
    <Module skippedDueTo="MissingPdb" hash="00-3F-2F-6A-C9-54-E6-65-54-00-DC-70-9A-DF-2C-D5-CC-6A-7B-88">
      <ModulePath>C:\Program Files (x86)\Microsoft Visual Studio\2017\Community\Common7\IDE\MSTest.exe</ModulePath>
      <ModuleTime>2017-03-13T21:39:07.4430363Z</ModuleTime>
      <ModuleName>MSTest</ModuleName>
      <Classes />
    </Module>
    <Module skippedDueTo="MissingPdb" hash="9E-84-31-63-EE-95-33-23-D4-D6-52-78-4E-1C-B8-E7-C1-F6-9C-64">
      <ModulePath>C:\Program Files (x86)\Microsoft Visual Studio\2017\Community\Common7\IDE\PublicAssemblies\Microsoft.VisualStudio.QualityTools.Common.dll</ModulePath>
      <ModuleTime>2017-03-13T21:39:07.4430363Z</ModuleTime>
      <ModuleName>Microsoft.VisualStudio.QualityTools.Common</ModuleName>
      <Classes />
    </Module>
    <Module skippedDueTo="Filter" hash="79-2F-E4-81-15-23-A9-72-6E-4B-61-08-E7-03-D3-3D-F2-DA-F6-11">
      <ModulePath>C:\WINDOWS\Microsoft.Net\assembly\GAC_MSIL\System\v4.0_4.0.0.0__b77a5c561934e089\System.dll</ModulePath>
      <ModuleTime>2017-04-27T21:18:08.4447074Z</ModuleTime>
      <ModuleName>System</ModuleName>
      <Classes />
    </Module>
    <Module skippedDueTo="MissingPdb" hash="5F-92-D9-C9-D8-C1-9C-15-CA-33-3E-D5-8E-B2-18-F0-12-B5-3E-AD">
      <ModulePath>C:\Program Files (x86)\Microsoft Visual Studio\2017\Community\Common7\IDE\PublicAssemblies\Microsoft.VisualStudio.QualityTools.ExecutionCommon.dll</ModulePath>
      <ModuleTime>2017-03-13T21:39:07.4430363Z</ModuleTime>
      <ModuleName>Microsoft.VisualStudio.QualityTools.ExecutionCommon</ModuleName>
      <Classes />
    </Module>
    <Module skippedDueTo="MissingPdb" hash="83-4F-4E-80-FC-BB-66-FA-71-42-AD-36-BC-54-6D-81-11-8D-D0-FC">
      <ModulePath>C:\Program Files (x86)\Microsoft Visual Studio\2017\Community\Common7\IDE\PrivateAssemblies\Microsoft.VisualStudio.QualityTools.Resource.dll</ModulePath>
      <ModuleTime>2017-03-13T21:39:07.4430363Z</ModuleTime>
      <ModuleName>Microsoft.VisualStudio.QualityTools.Resource</ModuleName>
      <Classes />
    </Module>
    <Module skippedDueTo="Filter" hash="0C-91-60-C5-26-07-2E-2E-54-A1-8A-32-86-67-C5-B4-A5-93-05-F9">
      <ModulePath>C:\WINDOWS\Microsoft.Net\assembly\GAC_MSIL\System.Configuration\v4.0_4.0.0.0__b03f5f7f11d50a3a\System.Configuration.dll</ModulePath>
      <ModuleTime>2017-03-18T20:59:43.7281312Z</ModuleTime>
      <ModuleName>System.Configuration</ModuleName>
      <Classes />
    </Module>
    <Module skippedDueTo="Filter" hash="BC-3D-7B-FA-41-15-98-9E-BD-CB-6E-11-CC-4E-F2-49-2D-A6-58-72">
      <ModulePath>C:\WINDOWS\Microsoft.Net\assembly\GAC_MSIL\System.Xml\v4.0_4.0.0.0__b77a5c561934e089\System.Xml.dll</ModulePath>
      <ModuleTime>2017-03-18T20:59:43.8218895Z</ModuleTime>
      <ModuleName>System.Xml</ModuleName>
      <Classes />
    </Module>
    <Module skippedDueTo="MissingPdb" hash="71-ED-1E-A1-2D-59-7E-46-17-19-15-A4-2D-3B-C3-14-E3-EA-08-63">
      <ModulePath>C:\Program Files (x86)\Microsoft Visual Studio\2017\Community\Common7\IDE\PrivateAssemblies\Microsoft.VisualStudio.QualityTools.CommandLine.dll</ModulePath>
      <ModuleTime>2017-03-13T21:39:07.4430363Z</ModuleTime>
      <ModuleName>Microsoft.VisualStudio.QualityTools.CommandLine</ModuleName>
      <Classes />
    </Module>
    <Module skippedDueTo="MissingPdb" hash="55-D9-49-AC-38-0A-56-D1-A6-F2-D6-CF-B6-E7-BD-C0-EB-58-62-82">
      <ModulePath>C:\Program Files (x86)\Microsoft Visual Studio\2017\Community\Common7\IDE\PrivateAssemblies\Microsoft.VisualStudio.QualityTools.TMI.dll</ModulePath>
      <ModuleTime>2017-03-13T21:39:07.4430363Z</ModuleTime>
      <ModuleName>Microsoft.VisualStudio.QualityTools.TMI</ModuleName>
      <Classes />
    </Module>
    <Module skippedDueTo="Filter" hash="31-3D-D1-85-09-9C-43-A7-23-8A-38-24-7D-DF-57-1C-3F-E8-84-30">
      <ModulePath>C:\WINDOWS\Microsoft.Net\assembly\GAC_MSIL\System.Core\v4.0_4.0.0.0__b77a5c561934e089\System.Core.dll</ModulePath>
      <ModuleTime>2017-04-27T21:18:08.2884441Z</ModuleTime>
      <ModuleName>System.Core</ModuleName>
      <Classes />
    </Module>
    <Module skippedDueTo="Filter" hash="5D-B6-7E-11-49-E6-EA-7A-BC-79-D7-95-A9-5B-9E-29-48-41-D1-D9">
      <ModulePath>C:\WINDOWS\Microsoft.Net\assembly\GAC_32\System.Data\v4.0_4.0.0.0__b77a5c561934e089\System.Data.dll</ModulePath>
      <ModuleTime>2017-03-18T21:00:02.5422246Z</ModuleTime>
      <ModuleName>System.Data</ModuleName>
      <Classes />
    </Module>
    <Module skippedDueTo="Filter" hash="59-F8-E7-31-B8-D6-73-4E-ED-89-F7-22-B8-47-F6-C3-A3-9B-17-BE">
      <ModulePath>C:\WINDOWS\Microsoft.Net\assembly\GAC_MSIL\System.Numerics\v4.0_4.0.0.0__b77a5c561934e089\System.Numerics.dll</ModulePath>
      <ModuleTime>2017-03-18T20:59:43.8218895Z</ModuleTime>
      <ModuleName>System.Numerics</ModuleName>
      <Classes />
    </Module>
    <Module skippedDueTo="Filter" hash="78-AB-08-18-29-47-B0-D2-9E-02-D0-5E-F7-80-9F-3E-27-42-8E-65">
      <ModulePath>C:\WINDOWS\Microsoft.Net\assembly\GAC_32\System.Web\v4.0_4.0.0.0__b03f5f7f11d50a3a\System.Web.dll</ModulePath>
      <ModuleTime>2017-03-18T21:00:02.90163Z</ModuleTime>
      <ModuleName>System.Web</ModuleName>
      <Classes />
    </Module>
    <Module skippedDueTo="MissingPdb" hash="AE-D8-4F-B3-07-4D-01-63-C0-AB-1B-FE-B2-39-BB-50-0B-5D-68-31">
      <ModulePath>C:\Program Files (x86)\Microsoft Visual Studio\2017\Community\Common7\IDE\PrivateAssemblies\Microsoft.VisualStudio.QualityTools.Tips.UnitTest.Tip.dll</ModulePath>
      <ModuleTime>2017-03-13T21:39:07.4430363Z</ModuleTime>
      <ModuleName>Microsoft.VisualStudio.QualityTools.Tips.UnitTest.Tip</ModuleName>
      <Classes />
    </Module>
    <Module skippedDueTo="MissingPdb" hash="6B-A5-37-FD-F8-7A-C2-EA-2C-7C-84-CE-74-3E-CD-59-89-D9-EC-31">
      <ModulePath>C:\Program Files (x86)\Microsoft Visual Studio\2017\Community\Common7\IDE\PrivateAssemblies\Microsoft.VisualStudio.QualityTools.Tips.UnitTest.ObjectModel.dll</ModulePath>
      <ModuleTime>2017-03-13T21:39:07.4430363Z</ModuleTime>
      <ModuleName>Microsoft.VisualStudio.QualityTools.Tips.UnitTest.ObjectModel</ModuleName>
      <Classes />
    </Module>
    <Module skippedDueTo="MissingPdb" hash="D6-F2-98-AB-ED-77-4F-DE-5C-FD-6B-D6-50-3F-25-CF-25-A9-EE-F7">
      <ModulePath>C:\Program Files (x86)\Microsoft Visual Studio\2017\Community\Common7\IDE\PublicAssemblies\Microsoft.VisualStudio.QualityTools.UnitTestFramework.dll</ModulePath>
      <ModuleTime>2017-03-13T21:39:07.4430363Z</ModuleTime>
      <ModuleName>Microsoft.VisualStudio.QualityTools.UnitTestFramework</ModuleName>
      <Classes />
    </Module>
    <Module skippedDueTo="MissingPdb" hash="4C-2E-52-E7-6C-A6-47-B2-2C-C2-04-A0-3D-1E-9C-53-58-96-2C-31">
      <ModulePath>C:\Program Files (x86)\Microsoft Visual Studio\2017\Community\Common7\IDE\PrivateAssemblies\Microsoft.VisualStudio.QualityTools.Tips.UnitTest.AssemblyResolver.dll</ModulePath>
      <ModuleTime>2017-03-13T21:39:07.4430363Z</ModuleTime>
      <ModuleName>Microsoft.VisualStudio.QualityTools.Tips.UnitTest.AssemblyResolver</ModuleName>
      <Classes />
    </Module>
    <Module hash="30-6C-3B-DF-4D-01-36-32-AB-B3-13-9A-B5-45-CE-63-42-F3-67-4C">
      <Summary numSequencePoints="324" visitedSequencePoints="309" numBranchPoints="82" visitedBranchPoints="75" sequenceCoverage="95.37" branchCoverage="91.46" maxCyclomaticComplexity="7" minCyclomaticComplexity="0" visitedClasses="12" numClasses="13" visitedMethods="51" numMethods="58" />
      <ModulePath>C:\Users\David\git\multikeymapcsharp\MultiKeyMapTests\bin\Debug\MultiKeyMapTests.dll</ModulePath>
      <ModuleTime>2017-05-13T10:59:35.417374Z</ModuleTime>
      <ModuleName>MultiKeyMapTests</ModuleName>
      <Files>
        <File uid="1" fullPath="C:\Users\David\git\multikeymapcsharp\MultiKeyMapTests\ConcreteMultiKeyMapTests.cs" />
        <File uid="5" fullPath="C:\Users\David\git\multikeymapcsharp\MultiKeyMapTests\MultiKeyMapBaseHelper.cs" />
        <File uid="10" fullPath="C:\Users\David\git\multikeymapcsharp\MultiKeyMapTests\MultiKeyMapRefHelper.cs" />
        <File uid="11" fullPath="C:\Users\David\git\multikeymapcsharp\MultiKeyMapTests\MultiKeyMapsTests.cs" />
      </Files>
      <Classes>
        <Class>
          <Summary numSequencePoints="0" visitedSequencePoints="0" numBranchPoints="0" visitedBranchPoints="0" sequenceCoverage="0" branchCoverage="0" maxCyclomaticComplexity="0" minCyclomaticComplexity="0" visitedClasses="0" numClasses="0" visitedMethods="0" numMethods="0" />
          <FullName>&lt;Module&gt;</FullName>
          <Methods />
        </Class>
        <Class>
          <Summary numSequencePoints="0" visitedSequencePoints="0" numBranchPoints="0" visitedBranchPoints="0" sequenceCoverage="0" branchCoverage="0" maxCyclomaticComplexity="7" minCyclomaticComplexity="1" visitedClasses="0" numClasses="0" visitedMethods="0" numMethods="0" />
          <FullName>&lt;&gt;f__AnonymousType0`2</FullName>
          <Methods>
            <Method visited="false" cyclomaticComplexity="1" nPathComplexity="0" sequenceCoverage="0" branchCoverage="0" isConstructor="false" isStatic="false" isGetter="true" isSetter="false">
              <Summary numSequencePoints="0" visitedSequencePoints="0" numBranchPoints="0" visitedBranchPoints="0" sequenceCoverage="0" branchCoverage="0" maxCyclomaticComplexity="1" minCyclomaticComplexity="1" visitedClasses="0" numClasses="0" visitedMethods="0" numMethods="0" />
              <MetadataToken>100663297</MetadataToken>
              <Name>&lt;A&gt;j__TPar &lt;&gt;f__AnonymousType0`2::get_A()</Name>
              <SequencePoints />
              <BranchPoints />
              <MethodPoint vc="0" uspid="1" ordinal="0" offset="0" />
            </Method>
            <Method visited="false" cyclomaticComplexity="1" nPathComplexity="0" sequenceCoverage="0" branchCoverage="0" isConstructor="false" isStatic="false" isGetter="true" isSetter="false">
              <Summary numSequencePoints="0" visitedSequencePoints="0" numBranchPoints="0" visitedBranchPoints="0" sequenceCoverage="0" branchCoverage="0" maxCyclomaticComplexity="1" minCyclomaticComplexity="1" visitedClasses="0" numClasses="0" visitedMethods="0" numMethods="0" />
              <MetadataToken>100663298</MetadataToken>
              <Name>&lt;B&gt;j__TPar &lt;&gt;f__AnonymousType0`2::get_B()</Name>
              <SequencePoints />
              <BranchPoints />
              <MethodPoint vc="0" uspid="2" ordinal="0" offset="0" />
            </Method>
            <Method visited="true" cyclomaticComplexity="1" nPathComplexity="0" sequenceCoverage="0" branchCoverage="0" isConstructor="true" isStatic="false" isGetter="false" isSetter="false">
              <Summary numSequencePoints="0" visitedSequencePoints="0" numBranchPoints="0" visitedBranchPoints="0" sequenceCoverage="0" branchCoverage="0" maxCyclomaticComplexity="1" minCyclomaticComplexity="1" visitedClasses="0" numClasses="0" visitedMethods="0" numMethods="0" />
              <MetadataToken>100663299</MetadataToken>
              <Name>System.Void &lt;&gt;f__AnonymousType0`2::.ctor(&lt;A&gt;j__TPar,&lt;B&gt;j__TPar)</Name>
              <SequencePoints />
              <BranchPoints />
              <MethodPoint vc="12" uspid="3" ordinal="0" offset="0" />
            </Method>
            <Method visited="true" cyclomaticComplexity="3" nPathComplexity="0" sequenceCoverage="0" branchCoverage="0" isConstructor="false" isStatic="false" isGetter="false" isSetter="false">
              <Summary numSequencePoints="0" visitedSequencePoints="0" numBranchPoints="0" visitedBranchPoints="0" sequenceCoverage="0" branchCoverage="0" maxCyclomaticComplexity="3" minCyclomaticComplexity="3" visitedClasses="0" numClasses="0" visitedMethods="0" numMethods="0" />
              <MetadataToken>100663300</MetadataToken>
              <Name>System.Boolean &lt;&gt;f__AnonymousType0`2::Equals(System.Object)</Name>
              <SequencePoints />
              <BranchPoints />
              <MethodPoint vc="15" uspid="4" ordinal="0" offset="0" />
            </Method>
            <Method visited="true" cyclomaticComplexity="1" nPathComplexity="0" sequenceCoverage="0" branchCoverage="0" isConstructor="false" isStatic="false" isGetter="false" isSetter="false">
              <Summary numSequencePoints="0" visitedSequencePoints="0" numBranchPoints="0" visitedBranchPoints="0" sequenceCoverage="0" branchCoverage="0" maxCyclomaticComplexity="1" minCyclomaticComplexity="1" visitedClasses="0" numClasses="0" visitedMethods="0" numMethods="0" />
              <MetadataToken>100663301</MetadataToken>
              <Name>System.Int32 &lt;&gt;f__AnonymousType0`2::GetHashCode()</Name>
              <SequencePoints />
              <BranchPoints />
              <MethodPoint vc="10" uspid="5" ordinal="0" offset="0" />
            </Method>
            <Method visited="false" cyclomaticComplexity="7" nPathComplexity="0" sequenceCoverage="0" branchCoverage="0" isConstructor="false" isStatic="false" isGetter="false" isSetter="false">
              <Summary numSequencePoints="0" visitedSequencePoints="0" numBranchPoints="0" visitedBranchPoints="0" sequenceCoverage="0" branchCoverage="0" maxCyclomaticComplexity="7" minCyclomaticComplexity="7" visitedClasses="0" numClasses="0" visitedMethods="0" numMethods="0" />
              <MetadataToken>100663302</MetadataToken>
              <Name>System.String &lt;&gt;f__AnonymousType0`2::ToString()</Name>
              <SequencePoints />
              <BranchPoints />
              <MethodPoint vc="0" uspid="6" ordinal="0" offset="0" />
            </Method>
          </Methods>
        </Class>
        <Class>
          <Summary numSequencePoints="88" visitedSequencePoints="88" numBranchPoints="16" visitedBranchPoints="16" sequenceCoverage="100" branchCoverage="100" maxCyclomaticComplexity="2" minCyclomaticComplexity="1" visitedClasses="1" numClasses="1" visitedMethods="16" numMethods="16" />
          <FullName>MultiKeyMapTests.ConcreteMultiKeyMapTests</FullName>
          <Methods>
            <Method visited="true" cyclomaticComplexity="1" nPathComplexity="0" sequenceCoverage="100" branchCoverage="100" isConstructor="true" isStatic="false" isGetter="false" isSetter="false">
              <Summary numSequencePoints="7" visitedSequencePoints="7" numBranchPoints="1" visitedBranchPoints="1" sequenceCoverage="100" branchCoverage="100" maxCyclomaticComplexity="1" minCyclomaticComplexity="1" visitedClasses="0" numClasses="0" visitedMethods="1" numMethods="1" />
              <MetadataToken>100663303</MetadataToken>
              <Name>System.Void MultiKeyMapTests.ConcreteMultiKeyMapTests::.ctor()</Name>
              <FileRef uid="1" />
              <SequencePoints>
                <SequencePoint vc="10" uspid="7" ordinal="0" offset="0" sl="20" sc="9" el="20" ec="42" bec="0" bev="0" fileid="1" />
                <SequencePoint vc="10" uspid="8" ordinal="1" offset="7" sl="21" sc="9" el="21" ec="10" bec="0" bev="0" fileid="1" />
                <SequencePoint vc="10" uspid="9" ordinal="2" offset="8" sl="22" sc="13" el="22" ec="123" bec="0" bev="0" fileid="1" />
                <SequencePoint vc="10" uspid="10" ordinal="3" offset="66" sl="23" sc="13" el="23" ec="124" bec="0" bev="0" fileid="1" />
                <SequencePoint vc="10" uspid="11" ordinal="4" offset="159" sl="24" sc="13" el="27" ec="36" bec="0" bev="0" fileid="1" />
                <SequencePoint vc="10" uspid="12" ordinal="5" offset="317" sl="28" sc="13" el="31" ec="30" bec="0" bev="0" fileid="1" />
                <SequencePoint vc="10" uspid="13" ordinal="6" offset="495" sl="32" sc="9" el="32" ec="10" bec="0" bev="0" fileid="1" />
              </SequencePoints>
              <BranchPoints />
              <MethodPoint xsi:type="SequencePoint" vc="10" uspid="7" ordinal="0" offset="0" sl="20" sc="9" el="20" ec="42" bec="0" bev="0" fileid="1" />
            </Method>
            <Method visited="true" cyclomaticComplexity="1" nPathComplexity="0" sequenceCoverage="100" branchCoverage="100" isConstructor="false" isStatic="false" isGetter="false" isSetter="false">
              <Summary numSequencePoints="6" visitedSequencePoints="6" numBranchPoints="1" visitedBranchPoints="1" sequenceCoverage="100" branchCoverage="100" maxCyclomaticComplexity="1" minCyclomaticComplexity="1" visitedClasses="0" numClasses="0" visitedMethods="1" numMethods="1" />
              <MetadataToken>100663304</MetadataToken>
              <Name>System.Void MultiKeyMapTests.ConcreteMultiKeyMapTests::Init()</Name>
              <FileRef uid="1" />
              <SequencePoints>
                <SequencePoint vc="10" uspid="14" ordinal="0" offset="0" sl="36" sc="9" el="36" ec="10" bec="0" bev="0" fileid="1" />
                <SequencePoint vc="10" uspid="15" ordinal="1" offset="1" sl="37" sc="13" el="37" ec="28" bec="0" bev="0" fileid="1" />
                <SequencePoint vc="10" uspid="16" ordinal="2" offset="13" sl="38" sc="13" el="38" ec="28" bec="0" bev="0" fileid="1" />
                <SequencePoint vc="10" uspid="17" ordinal="3" offset="25" sl="39" sc="13" el="39" ec="28" bec="0" bev="0" fileid="1" />
                <SequencePoint vc="10" uspid="18" ordinal="4" offset="37" sl="40" sc="13" el="40" ec="28" bec="0" bev="0" fileid="1" />
                <SequencePoint vc="10" uspid="19" ordinal="5" offset="49" sl="41" sc="9" el="41" ec="10" bec="0" bev="0" fileid="1" />
              </SequencePoints>
              <BranchPoints />
              <MethodPoint xsi:type="SequencePoint" vc="10" uspid="14" ordinal="0" offset="0" sl="36" sc="9" el="36" ec="10" bec="0" bev="0" fileid="1" />
            </Method>
            <Method visited="true" cyclomaticComplexity="1" nPathComplexity="0" sequenceCoverage="100" branchCoverage="100" isConstructor="false" isStatic="false" isGetter="false" isSetter="false">
              <Summary numSequencePoints="6" visitedSequencePoints="6" numBranchPoints="1" visitedBranchPoints="1" sequenceCoverage="100" branchCoverage="100" maxCyclomaticComplexity="1" minCyclomaticComplexity="1" visitedClasses="0" numClasses="0" visitedMethods="1" numMethods="1" />
              <MetadataToken>100663305</MetadataToken>
              <Name>System.Void MultiKeyMapTests.ConcreteMultiKeyMapTests::Cleanup()</Name>
              <FileRef uid="1" />
              <SequencePoints>
                <SequencePoint vc="10" uspid="20" ordinal="0" offset="0" sl="45" sc="9" el="45" ec="10" bec="0" bev="0" fileid="1" />
                <SequencePoint vc="10" uspid="21" ordinal="1" offset="1" sl="46" sc="13" el="46" ec="31" bec="0" bev="0" fileid="1" />
                <SequencePoint vc="10" uspid="22" ordinal="2" offset="13" sl="47" sc="13" el="47" ec="31" bec="0" bev="0" fileid="1" />
                <SequencePoint vc="10" uspid="23" ordinal="3" offset="25" sl="48" sc="13" el="48" ec="31" bec="0" bev="0" fileid="1" />
                <SequencePoint vc="10" uspid="24" ordinal="4" offset="37" sl="49" sc="13" el="49" ec="31" bec="0" bev="0" fileid="1" />
                <SequencePoint vc="10" uspid="25" ordinal="5" offset="49" sl="50" sc="9" el="50" ec="10" bec="0" bev="0" fileid="1" />
              </SequencePoints>
              <BranchPoints />
              <MethodPoint xsi:type="SequencePoint" vc="10" uspid="20" ordinal="0" offset="0" sl="45" sc="9" el="45" ec="10" bec="0" bev="0" fileid="1" />
            </Method>
            <Method visited="true" cyclomaticComplexity="2" nPathComplexity="0" sequenceCoverage="100" branchCoverage="100" isConstructor="false" isStatic="false" isGetter="false" isSetter="false">
              <Summary numSequencePoints="3" visitedSequencePoints="3" numBranchPoints="1" visitedBranchPoints="1" sequenceCoverage="100" branchCoverage="100" maxCyclomaticComplexity="2" minCyclomaticComplexity="2" visitedClasses="0" numClasses="0" visitedMethods="1" numMethods="1" />
              <MetadataToken>100663306</MetadataToken>
              <Name>MultiKeyMapTests.MultiKeyMapBaseHelper`3&lt;T,K,V&gt; MultiKeyMapTests.ConcreteMultiKeyMapTests::InitHelper(K,K,V,V)</Name>
              <FileRef uid="1" />
              <SequencePoints>
                <SequencePoint vc="40" uspid="26" ordinal="0" offset="0" sl="53" sc="9" el="53" ec="10" bec="0" bev="0" fileid="1" />
                <SequencePoint vc="40" uspid="27" ordinal="1" offset="1" sl="54" sc="13" el="54" ec="127" bec="0" bev="0" fileid="1" />
                <SequencePoint vc="40" uspid="28" ordinal="2" offset="45" sl="55" sc="9" el="55" ec="10" bec="0" bev="0" fileid="1" />
              </SequencePoints>
              <BranchPoints />
              <MethodPoint xsi:type="SequencePoint" vc="40" uspid="26" ordinal="0" offset="0" sl="53" sc="9" el="53" ec="10" bec="0" bev="0" fileid="1" />
            </Method>
            <Method visited="true" cyclomaticComplexity="1" nPathComplexity="0" sequenceCoverage="100" branchCoverage="100" isConstructor="false" isStatic="false" isGetter="false" isSetter="false">
              <Summary numSequencePoints="6" visitedSequencePoints="6" numBranchPoints="1" visitedBranchPoints="1" sequenceCoverage="100" branchCoverage="100" maxCyclomaticComplexity="1" minCyclomaticComplexity="1" visitedClasses="0" numClasses="0" visitedMethods="1" numMethods="1" />
              <MetadataToken>100663307</MetadataToken>
              <Name>System.Void MultiKeyMapTests.ConcreteMultiKeyMapTests::EmptyInstanceTest()</Name>
              <FileRef uid="1" />
              <SequencePoints>
                <SequencePoint vc="1" uspid="31" ordinal="0" offset="0" sl="59" sc="9" el="59" ec="10" bec="0" bev="0" fileid="1" />
                <SequencePoint vc="1" uspid="32" ordinal="1" offset="1" sl="60" sc="13" el="60" ec="43" bec="0" bev="0" fileid="1" />
                <SequencePoint vc="1" uspid="33" ordinal="2" offset="13" sl="61" sc="13" el="61" ec="43" bec="0" bev="0" fileid="1" />
                <SequencePoint vc="1" uspid="34" ordinal="3" offset="25" sl="62" sc="13" el="62" ec="43" bec="0" bev="0" fileid="1" />
                <SequencePoint vc="1" uspid="35" ordinal="4" offset="37" sl="63" sc="13" el="63" ec="43" bec="0" bev="0" fileid="1" />
                <SequencePoint vc="1" uspid="36" ordinal="5" offset="49" sl="64" sc="9" el="64" ec="10" bec="0" bev="0" fileid="1" />
              </SequencePoints>
              <BranchPoints />
              <MethodPoint xsi:type="SequencePoint" vc="1" uspid="31" ordinal="0" offset="0" sl="59" sc="9" el="59" ec="10" bec="0" bev="0" fileid="1" />
            </Method>
            <Method visited="true" cyclomaticComplexity="1" nPathComplexity="0" sequenceCoverage="100" branchCoverage="100" isConstructor="false" isStatic="false" isGetter="false" isSetter="false">
              <Summary numSequencePoints="6" visitedSequencePoints="6" numBranchPoints="1" visitedBranchPoints="1" sequenceCoverage="100" branchCoverage="100" maxCyclomaticComplexity="1" minCyclomaticComplexity="1" visitedClasses="0" numClasses="0" visitedMethods="1" numMethods="1" />
              <MetadataToken>100663308</MetadataToken>
              <Name>System.Void MultiKeyMapTests.ConcreteMultiKeyMapTests::AddTest()</Name>
              <FileRef uid="1" />
              <SequencePoints>
                <SequencePoint vc="1" uspid="37" ordinal="0" offset="0" sl="68" sc="9" el="68" ec="10" bec="0" bev="0" fileid="1" />
                <SequencePoint vc="1" uspid="38" ordinal="1" offset="1" sl="69" sc="13" el="69" ec="33" bec="0" bev="0" fileid="1" />
                <SequencePoint vc="1" uspid="39" ordinal="2" offset="13" sl="70" sc="13" el="70" ec="33" bec="0" bev="0" fileid="1" />
                <SequencePoint vc="1" uspid="40" ordinal="3" offset="25" sl="71" sc="13" el="71" ec="33" bec="0" bev="0" fileid="1" />
                <SequencePoint vc="1" uspid="41" ordinal="4" offset="37" sl="72" sc="13" el="72" ec="33" bec="0" bev="0" fileid="1" />
                <SequencePoint vc="1" uspid="42" ordinal="5" offset="49" sl="73" sc="9" el="73" ec="10" bec="0" bev="0" fileid="1" />
              </SequencePoints>
              <BranchPoints />
              <MethodPoint xsi:type="SequencePoint" vc="1" uspid="37" ordinal="0" offset="0" sl="68" sc="9" el="68" ec="10" bec="0" bev="0" fileid="1" />
            </Method>
            <Method visited="true" cyclomaticComplexity="1" nPathComplexity="0" sequenceCoverage="100" branchCoverage="100" isConstructor="false" isStatic="false" isGetter="false" isSetter="false">
              <Summary numSequencePoints="6" visitedSequencePoints="6" numBranchPoints="1" visitedBranchPoints="1" sequenceCoverage="100" branchCoverage="100" maxCyclomaticComplexity="1" minCyclomaticComplexity="1" visitedClasses="0" numClasses="0" visitedMethods="1" numMethods="1" />
              <MetadataToken>100663309</MetadataToken>
              <Name>System.Void MultiKeyMapTests.ConcreteMultiKeyMapTests::RemoveTest()</Name>
              <FileRef uid="1" />
              <SequencePoints>
                <SequencePoint vc="1" uspid="43" ordinal="0" offset="0" sl="77" sc="9" el="77" ec="10" bec="0" bev="0" fileid="1" />
                <SequencePoint vc="1" uspid="44" ordinal="1" offset="1" sl="78" sc="13" el="78" ec="36" bec="0" bev="0" fileid="1" />
                <SequencePoint vc="1" uspid="45" ordinal="2" offset="13" sl="79" sc="13" el="79" ec="36" bec="0" bev="0" fileid="1" />
                <SequencePoint vc="1" uspid="46" ordinal="3" offset="25" sl="80" sc="13" el="80" ec="36" bec="0" bev="0" fileid="1" />
                <SequencePoint vc="1" uspid="47" ordinal="4" offset="37" sl="81" sc="13" el="81" ec="36" bec="0" bev="0" fileid="1" />
                <SequencePoint vc="1" uspid="48" ordinal="5" offset="49" sl="82" sc="9" el="82" ec="10" bec="0" bev="0" fileid="1" />
              </SequencePoints>
              <BranchPoints />
              <MethodPoint xsi:type="SequencePoint" vc="1" uspid="43" ordinal="0" offset="0" sl="77" sc="9" el="77" ec="10" bec="0" bev="0" fileid="1" />
            </Method>
            <Method visited="true" cyclomaticComplexity="1" nPathComplexity="0" sequenceCoverage="100" branchCoverage="100" isConstructor="false" isStatic="false" isGetter="false" isSetter="false">
              <Summary numSequencePoints="6" visitedSequencePoints="6" numBranchPoints="1" visitedBranchPoints="1" sequenceCoverage="100" branchCoverage="100" maxCyclomaticComplexity="1" minCyclomaticComplexity="1" visitedClasses="0" numClasses="0" visitedMethods="1" numMethods="1" />
              <MetadataToken>100663310</MetadataToken>
              <Name>System.Void MultiKeyMapTests.ConcreteMultiKeyMapTests::AddTwiceSameTest()</Name>
              <FileRef uid="1" />
              <SequencePoints>
                <SequencePoint vc="1" uspid="49" ordinal="0" offset="0" sl="86" sc="9" el="86" ec="10" bec="0" bev="0" fileid="1" />
                <SequencePoint vc="1" uspid="50" ordinal="1" offset="1" sl="87" sc="13" el="87" ec="42" bec="0" bev="0" fileid="1" />
                <SequencePoint vc="1" uspid="51" ordinal="2" offset="13" sl="88" sc="13" el="88" ec="42" bec="0" bev="0" fileid="1" />
                <SequencePoint vc="1" uspid="52" ordinal="3" offset="25" sl="89" sc="13" el="89" ec="42" bec="0" bev="0" fileid="1" />
                <SequencePoint vc="1" uspid="53" ordinal="4" offset="37" sl="90" sc="13" el="90" ec="42" bec="0" bev="0" fileid="1" />
                <SequencePoint vc="1" uspid="54" ordinal="5" offset="49" sl="91" sc="9" el="91" ec="10" bec="0" bev="0" fileid="1" />
              </SequencePoints>
              <BranchPoints />
              <MethodPoint xsi:type="SequencePoint" vc="1" uspid="49" ordinal="0" offset="0" sl="86" sc="9" el="86" ec="10" bec="0" bev="0" fileid="1" />
            </Method>
            <Method visited="true" cyclomaticComplexity="1" nPathComplexity="0" sequenceCoverage="100" branchCoverage="100" isConstructor="false" isStatic="false" isGetter="false" isSetter="false">
              <Summary numSequencePoints="6" visitedSequencePoints="6" numBranchPoints="1" visitedBranchPoints="1" sequenceCoverage="100" branchCoverage="100" maxCyclomaticComplexity="1" minCyclomaticComplexity="1" visitedClasses="0" numClasses="0" visitedMethods="1" numMethods="1" />
              <MetadataToken>100663311</MetadataToken>
              <Name>System.Void MultiKeyMapTests.ConcreteMultiKeyMapTests::AddNullKeyTest()</Name>
              <FileRef uid="1" />
              <SequencePoints>
                <SequencePoint vc="1" uspid="55" ordinal="0" offset="0" sl="96" sc="9" el="96" ec="10" bec="0" bev="0" fileid="1" />
                <SequencePoint vc="1" uspid="56" ordinal="1" offset="1" sl="97" sc="13" el="97" ec="40" bec="0" bev="0" fileid="1" />
                <SequencePoint vc="1" uspid="57" ordinal="2" offset="13" sl="98" sc="13" el="98" ec="40" bec="0" bev="0" fileid="1" />
                <SequencePoint vc="1" uspid="58" ordinal="3" offset="25" sl="99" sc="13" el="99" ec="40" bec="0" bev="0" fileid="1" />
                <SequencePoint vc="1" uspid="59" ordinal="4" offset="37" sl="100" sc="13" el="100" ec="40" bec="0" bev="0" fileid="1" />
                <SequencePoint vc="1" uspid="60" ordinal="5" offset="49" sl="101" sc="9" el="101" ec="10" bec="0" bev="0" fileid="1" />
              </SequencePoints>
              <BranchPoints />
              <MethodPoint xsi:type="SequencePoint" vc="1" uspid="55" ordinal="0" offset="0" sl="96" sc="9" el="96" ec="10" bec="0" bev="0" fileid="1" />
            </Method>
            <Method visited="true" cyclomaticComplexity="1" nPathComplexity="0" sequenceCoverage="100" branchCoverage="100" isConstructor="false" isStatic="false" isGetter="false" isSetter="false">
              <Summary numSequencePoints="6" visitedSequencePoints="6" numBranchPoints="1" visitedBranchPoints="1" sequenceCoverage="100" branchCoverage="100" maxCyclomaticComplexity="1" minCyclomaticComplexity="1" visitedClasses="0" numClasses="0" visitedMethods="1" numMethods="1" />
              <MetadataToken>100663312</MetadataToken>
              <Name>System.Void MultiKeyMapTests.ConcreteMultiKeyMapTests::SetIndexerTest()</Name>
              <FileRef uid="1" />
              <SequencePoints>
                <SequencePoint vc="1" uspid="61" ordinal="0" offset="0" sl="106" sc="9" el="106" ec="10" bec="0" bev="0" fileid="1" />
                <SequencePoint vc="1" uspid="62" ordinal="1" offset="1" sl="107" sc="13" el="107" ec="40" bec="0" bev="0" fileid="1" />
                <SequencePoint vc="1" uspid="63" ordinal="2" offset="13" sl="108" sc="13" el="108" ec="40" bec="0" bev="0" fileid="1" />
                <SequencePoint vc="1" uspid="64" ordinal="3" offset="25" sl="109" sc="13" el="109" ec="40" bec="0" bev="0" fileid="1" />
                <SequencePoint vc="1" uspid="65" ordinal="4" offset="37" sl="110" sc="13" el="110" ec="40" bec="0" bev="0" fileid="1" />
                <SequencePoint vc="1" uspid="66" ordinal="5" offset="49" sl="111" sc="9" el="111" ec="10" bec="0" bev="0" fileid="1" />
              </SequencePoints>
              <BranchPoints />
              <MethodPoint xsi:type="SequencePoint" vc="1" uspid="61" ordinal="0" offset="0" sl="106" sc="9" el="106" ec="10" bec="0" bev="0" fileid="1" />
            </Method>
            <Method visited="true" cyclomaticComplexity="1" nPathComplexity="0" sequenceCoverage="100" branchCoverage="100" isConstructor="false" isStatic="false" isGetter="false" isSetter="false">
              <Summary numSequencePoints="6" visitedSequencePoints="6" numBranchPoints="1" visitedBranchPoints="1" sequenceCoverage="100" branchCoverage="100" maxCyclomaticComplexity="1" minCyclomaticComplexity="1" visitedClasses="0" numClasses="0" visitedMethods="1" numMethods="1" />
              <MetadataToken>100663313</MetadataToken>
              <Name>System.Void MultiKeyMapTests.ConcreteMultiKeyMapTests::SetIndexerTwiceTest()</Name>
              <FileRef uid="1" />
              <SequencePoints>
                <SequencePoint vc="1" uspid="67" ordinal="0" offset="0" sl="115" sc="9" el="115" ec="10" bec="0" bev="0" fileid="1" />
                <SequencePoint vc="1" uspid="68" ordinal="1" offset="1" sl="116" sc="13" el="116" ec="45" bec="0" bev="0" fileid="1" />
                <SequencePoint vc="1" uspid="69" ordinal="2" offset="13" sl="117" sc="13" el="117" ec="45" bec="0" bev="0" fileid="1" />
                <SequencePoint vc="1" uspid="70" ordinal="3" offset="25" sl="118" sc="13" el="118" ec="45" bec="0" bev="0" fileid="1" />
                <SequencePoint vc="1" uspid="71" ordinal="4" offset="37" sl="119" sc="13" el="119" ec="45" bec="0" bev="0" fileid="1" />
                <SequencePoint vc="1" uspid="72" ordinal="5" offset="49" sl="120" sc="9" el="120" ec="10" bec="0" bev="0" fileid="1" />
              </SequencePoints>
              <BranchPoints />
              <MethodPoint xsi:type="SequencePoint" vc="1" uspid="67" ordinal="0" offset="0" sl="115" sc="9" el="115" ec="10" bec="0" bev="0" fileid="1" />
            </Method>
            <Method visited="true" cyclomaticComplexity="1" nPathComplexity="0" sequenceCoverage="100" branchCoverage="100" isConstructor="false" isStatic="false" isGetter="false" isSetter="false">
              <Summary numSequencePoints="6" visitedSequencePoints="6" numBranchPoints="1" visitedBranchPoints="1" sequenceCoverage="100" branchCoverage="100" maxCyclomaticComplexity="1" minCyclomaticComplexity="1" visitedClasses="0" numClasses="0" visitedMethods="1" numMethods="1" />
              <MetadataToken>100663314</MetadataToken>
              <Name>System.Void MultiKeyMapTests.ConcreteMultiKeyMapTests::GetFullKeysByPartialKeyTest()</Name>
              <FileRef uid="1" />
              <SequencePoints>
                <SequencePoint vc="1" uspid="73" ordinal="0" offset="0" sl="124" sc="9" el="124" ec="10" bec="0" bev="0" fileid="1" />
                <SequencePoint vc="1" uspid="74" ordinal="1" offset="1" sl="125" sc="13" el="125" ec="79" bec="0" bev="0" fileid="1" />
                <SequencePoint vc="1" uspid="75" ordinal="2" offset="34" sl="126" sc="13" el="126" ec="84" bec="0" bev="0" fileid="1" />
                <SequencePoint vc="1" uspid="76" ordinal="3" offset="75" sl="127" sc="13" el="127" ec="93" bec="0" bev="0" fileid="1" />
                <SequencePoint vc="1" uspid="77" ordinal="4" offset="121" sl="128" sc="13" el="128" ec="95" bec="0" bev="0" fileid="1" />
                <SequencePoint vc="1" uspid="78" ordinal="5" offset="183" sl="129" sc="9" el="129" ec="10" bec="0" bev="0" fileid="1" />
              </SequencePoints>
              <BranchPoints />
              <MethodPoint xsi:type="SequencePoint" vc="1" uspid="73" ordinal="0" offset="0" sl="124" sc="9" el="124" ec="10" bec="0" bev="0" fileid="1" />
            </Method>
            <Method visited="true" cyclomaticComplexity="1" nPathComplexity="0" sequenceCoverage="100" branchCoverage="100" isConstructor="false" isStatic="false" isGetter="false" isSetter="false">
              <Summary numSequencePoints="6" visitedSequencePoints="6" numBranchPoints="1" visitedBranchPoints="1" sequenceCoverage="100" branchCoverage="100" maxCyclomaticComplexity="1" minCyclomaticComplexity="1" visitedClasses="0" numClasses="0" visitedMethods="1" numMethods="1" />
              <MetadataToken>100663315</MetadataToken>
              <Name>System.Void MultiKeyMapTests.ConcreteMultiKeyMapTests::GetValuesByPartialKeyTest()</Name>
              <FileRef uid="1" />
              <SequencePoints>
                <SequencePoint vc="1" uspid="79" ordinal="0" offset="0" sl="134" sc="9" el="134" ec="10" bec="0" bev="0" fileid="1" />
                <SequencePoint vc="1" uspid="80" ordinal="1" offset="1" sl="135" sc="13" el="135" ec="75" bec="0" bev="0" fileid="1" />
                <SequencePoint vc="1" uspid="81" ordinal="2" offset="34" sl="136" sc="13" el="136" ec="82" bec="0" bev="0" fileid="1" />
                <SequencePoint vc="1" uspid="82" ordinal="3" offset="75" sl="137" sc="13" el="137" ec="91" bec="0" bev="0" fileid="1" />
                <SequencePoint vc="1" uspid="83" ordinal="4" offset="121" sl="138" sc="13" el="138" ec="93" bec="0" bev="0" fileid="1" />
                <SequencePoint vc="1" uspid="84" ordinal="5" offset="183" sl="139" sc="9" el="139" ec="10" bec="0" bev="0" fileid="1" />
              </SequencePoints>
              <BranchPoints />
              <MethodPoint xsi:type="SequencePoint" vc="1" uspid="79" ordinal="0" offset="0" sl="134" sc="9" el="134" ec="10" bec="0" bev="0" fileid="1" />
            </Method>
            <Method visited="true" cyclomaticComplexity="1" nPathComplexity="0" sequenceCoverage="100" branchCoverage="100" isConstructor="false" isStatic="false" isGetter="false" isSetter="false">
              <Summary numSequencePoints="6" visitedSequencePoints="6" numBranchPoints="1" visitedBranchPoints="1" sequenceCoverage="100" branchCoverage="100" maxCyclomaticComplexity="1" minCyclomaticComplexity="1" visitedClasses="0" numClasses="0" visitedMethods="1" numMethods="1" />
              <MetadataToken>100663316</MetadataToken>
              <Name>System.Void MultiKeyMapTests.ConcreteMultiKeyMapTests::GetEntriesByPartialKeyTest()</Name>
              <FileRef uid="1" />
              <SequencePoints>
                <SequencePoint vc="1" uspid="85" ordinal="0" offset="0" sl="143" sc="9" el="143" ec="10" bec="0" bev="0" fileid="1" />
                <SequencePoint vc="1" uspid="86" ordinal="1" offset="1" sl="144" sc="13" el="144" ec="76" bec="0" bev="0" fileid="1" />
                <SequencePoint vc="1" uspid="87" ordinal="2" offset="34" sl="145" sc="13" el="145" ec="83" bec="0" bev="0" fileid="1" />
                <SequencePoint vc="1" uspid="88" ordinal="3" offset="75" sl="146" sc="13" el="146" ec="92" bec="0" bev="0" fileid="1" />
                <SequencePoint vc="1" uspid="89" ordinal="4" offset="121" sl="147" sc="13" el="147" ec="94" bec="0" bev="0" fileid="1" />
                <SequencePoint vc="1" uspid="90" ordinal="5" offset="183" sl="148" sc="9" el="148" ec="10" bec="0" bev="0" fileid="1" />
              </SequencePoints>
              <BranchPoints />
              <MethodPoint xsi:type="SequencePoint" vc="1" uspid="85" ordinal="0" offset="0" sl="143" sc="9" el="143" ec="10" bec="0" bev="0" fileid="1" />
            </Method>
            <Method visited="true" cyclomaticComplexity="1" nPathComplexity="0" sequenceCoverage="100" branchCoverage="100" isConstructor="false" isStatic="false" isGetter="false" isSetter="false">
              <Summary numSequencePoints="3" visitedSequencePoints="3" numBranchPoints="1" visitedBranchPoints="1" sequenceCoverage="100" branchCoverage="100" maxCyclomaticComplexity="1" minCyclomaticComplexity="1" visitedClasses="0" numClasses="0" visitedMethods="1" numMethods="1" />
              <MetadataToken>100663317</MetadataToken>
              <Name>MultiKeyMapTests.ConcreteMultiKeyMapTests/Class1`1&lt;T&gt; MultiKeyMapTests.ConcreteMultiKeyMapTests::GetClass1(T)</Name>
              <FileRef uid="1" />
              <SequencePoints>
                <SequencePoint vc="76" uspid="91" ordinal="0" offset="0" sl="151" sc="9" el="151" ec="10" bec="0" bev="0" fileid="1" />
                <SequencePoint vc="76" uspid="92" ordinal="1" offset="1" sl="152" sc="13" el="152" ec="39" bec="0" bev="0" fileid="1" />
                <SequencePoint vc="76" uspid="93" ordinal="2" offset="10" sl="153" sc="9" el="153" ec="10" bec="0" bev="0" fileid="1" />
              </SequencePoints>
              <BranchPoints />
              <MethodPoint xsi:type="SequencePoint" vc="76" uspid="91" ordinal="0" offset="0" sl="151" sc="9" el="151" ec="10" bec="0" bev="0" fileid="1" />
            </Method>
            <Method visited="true" cyclomaticComplexity="1" nPathComplexity="0" sequenceCoverage="100" branchCoverage="100" isConstructor="false" isStatic="false" isGetter="false" isSetter="false">
              <Summary numSequencePoints="3" visitedSequencePoints="3" numBranchPoints="1" visitedBranchPoints="1" sequenceCoverage="100" branchCoverage="100" maxCyclomaticComplexity="1" minCyclomaticComplexity="1" visitedClasses="0" numClasses="0" visitedMethods="1" numMethods="1" />
              <MetadataToken>100663318</MetadataToken>
              <Name>MultiKeyMapTests.ConcreteMultiKeyMapTests/Struct1`1&lt;T&gt; MultiKeyMapTests.ConcreteMultiKeyMapTests::GetStruct1(T)</Name>
              <FileRef uid="1" />
              <SequencePoints>
                <SequencePoint vc="76" uspid="94" ordinal="0" offset="0" sl="156" sc="9" el="156" ec="10" bec="0" bev="0" fileid="1" />
                <SequencePoint vc="76" uspid="95" ordinal="1" offset="1" sl="157" sc="13" el="157" ec="40" bec="0" bev="0" fileid="1" />
                <SequencePoint vc="76" uspid="96" ordinal="2" offset="10" sl="158" sc="9" el="158" ec="10" bec="0" bev="0" fileid="1" />
              </SequencePoints>
              <BranchPoints />
              <MethodPoint xsi:type="SequencePoint" vc="76" uspid="94" ordinal="0" offset="0" sl="156" sc="9" el="156" ec="10" bec="0" bev="0" fileid="1" />
            </Method>
          </Methods>
        </Class>
        <Class>
          <Summary numSequencePoints="10" visitedSequencePoints="5" numBranchPoints="4" visitedBranchPoints="2" sequenceCoverage="50" branchCoverage="50" maxCyclomaticComplexity="1" minCyclomaticComplexity="1" visitedClasses="1" numClasses="1" visitedMethods="2" numMethods="4" />
          <FullName>MultiKeyMapTests.ConcreteMultiKeyMapTests/Class1`1</FullName>
          <Methods>
            <Method visited="false" cyclomaticComplexity="1" nPathComplexity="0" sequenceCoverage="0" branchCoverage="0" isConstructor="false" isStatic="false" isGetter="true" isSetter="false">
              <Summary numSequencePoints="1" visitedSequencePoints="0" numBranchPoints="1" visitedBranchPoints="0" sequenceCoverage="0" branchCoverage="0" maxCyclomaticComplexity="1" minCyclomaticComplexity="1" visitedClasses="0" numClasses="0" visitedMethods="0" numMethods="1" />
              <MetadataToken>100663345</MetadataToken>
              <Name>T MultiKeyMapTests.ConcreteMultiKeyMapTests/Class1`1::get_Name()</Name>
              <FileRef uid="1" />
              <SequencePoints>
                <SequencePoint vc="0" uspid="97" ordinal="0" offset="0" sl="172" sc="29" el="172" ec="33" bec="0" bev="0" fileid="1" />
              </SequencePoints>
              <BranchPoints />
              <MethodPoint xsi:type="SequencePoint" vc="0" uspid="97" ordinal="0" offset="0" sl="172" sc="29" el="172" ec="33" bec="0" bev="0" fileid="1" />
            </Method>
            <Method visited="true" cyclomaticComplexity="1" nPathComplexity="0" sequenceCoverage="100" branchCoverage="100" isConstructor="false" isStatic="false" isGetter="false" isSetter="true">
              <Summary numSequencePoints="1" visitedSequencePoints="1" numBranchPoints="1" visitedBranchPoints="1" sequenceCoverage="100" branchCoverage="100" maxCyclomaticComplexity="1" minCyclomaticComplexity="1" visitedClasses="0" numClasses="0" visitedMethods="1" numMethods="1" />
              <MetadataToken>100663346</MetadataToken>
              <Name>System.Void MultiKeyMapTests.ConcreteMultiKeyMapTests/Class1`1::set_Name(T)</Name>
              <FileRef uid="1" />
              <SequencePoints>
                <SequencePoint vc="76" uspid="98" ordinal="0" offset="0" sl="172" sc="34" el="172" ec="46" bec="0" bev="0" fileid="1" />
              </SequencePoints>
              <BranchPoints />
              <MethodPoint xsi:type="SequencePoint" vc="76" uspid="98" ordinal="0" offset="0" sl="172" sc="34" el="172" ec="46" bec="0" bev="0" fileid="1" />
            </Method>
            <Method visited="false" cyclomaticComplexity="1" nPathComplexity="0" sequenceCoverage="0" branchCoverage="0" isConstructor="true" isStatic="false" isGetter="false" isSetter="false">
              <Summary numSequencePoints="4" visitedSequencePoints="0" numBranchPoints="1" visitedBranchPoints="0" sequenceCoverage="0" branchCoverage="0" maxCyclomaticComplexity="1" minCyclomaticComplexity="1" visitedClasses="0" numClasses="0" visitedMethods="0" numMethods="1" />
              <MetadataToken>100663343</MetadataToken>
              <Name>System.Void MultiKeyMapTests.ConcreteMultiKeyMapTests/Class1`1::.ctor()</Name>
              <FileRef uid="1" />
              <SequencePoints>
                <SequencePoint vc="0" uspid="99" ordinal="0" offset="0" sl="162" sc="13" el="162" ec="28" bec="0" bev="0" fileid="1" />
                <SequencePoint vc="0" uspid="100" ordinal="1" offset="7" sl="163" sc="13" el="163" ec="14" bec="0" bev="0" fileid="1" />
                <SequencePoint vc="0" uspid="101" ordinal="2" offset="8" sl="164" sc="17" el="164" ec="35" bec="0" bev="0" fileid="1" />
                <SequencePoint vc="0" uspid="102" ordinal="3" offset="24" sl="165" sc="13" el="165" ec="14" bec="0" bev="0" fileid="1" />
              </SequencePoints>
              <BranchPoints />
              <MethodPoint xsi:type="SequencePoint" vc="0" uspid="99" ordinal="0" offset="0" sl="162" sc="13" el="162" ec="28" bec="0" bev="0" fileid="1" />
            </Method>
            <Method visited="true" cyclomaticComplexity="1" nPathComplexity="0" sequenceCoverage="100" branchCoverage="100" isConstructor="true" isStatic="false" isGetter="false" isSetter="false">
              <Summary numSequencePoints="4" visitedSequencePoints="4" numBranchPoints="1" visitedBranchPoints="1" sequenceCoverage="100" branchCoverage="100" maxCyclomaticComplexity="1" minCyclomaticComplexity="1" visitedClasses="0" numClasses="0" visitedMethods="1" numMethods="1" />
              <MetadataToken>100663344</MetadataToken>
              <Name>System.Void MultiKeyMapTests.ConcreteMultiKeyMapTests/Class1`1::.ctor(T)</Name>
              <FileRef uid="1" />
              <SequencePoints>
                <SequencePoint vc="76" uspid="103" ordinal="0" offset="0" sl="167" sc="13" el="167" ec="34" bec="0" bev="0" fileid="1" />
                <SequencePoint vc="76" uspid="104" ordinal="1" offset="7" sl="168" sc="13" el="168" ec="14" bec="0" bev="0" fileid="1" />
                <SequencePoint vc="76" uspid="105" ordinal="2" offset="8" sl="169" sc="17" el="169" ec="29" bec="0" bev="0" fileid="1" />
                <SequencePoint vc="76" uspid="106" ordinal="3" offset="16" sl="170" sc="13" el="170" ec="14" bec="0" bev="0" fileid="1" />
              </SequencePoints>
              <BranchPoints />
              <MethodPoint xsi:type="SequencePoint" vc="76" uspid="103" ordinal="0" offset="0" sl="167" sc="13" el="167" ec="34" bec="0" bev="0" fileid="1" />
            </Method>
          </Methods>
        </Class>
        <Class>
          <Summary numSequencePoints="5" visitedSequencePoints="4" numBranchPoints="3" visitedBranchPoints="2" sequenceCoverage="80" branchCoverage="66.67" maxCyclomaticComplexity="1" minCyclomaticComplexity="1" visitedClasses="1" numClasses="1" visitedMethods="2" numMethods="3" />
          <FullName>MultiKeyMapTests.ConcreteMultiKeyMapTests/Struct1`1</FullName>
          <Methods>
            <Method visited="false" cyclomaticComplexity="1" nPathComplexity="0" sequenceCoverage="0" branchCoverage="0" isConstructor="false" isStatic="false" isGetter="true" isSetter="false">
              <Summary numSequencePoints="1" visitedSequencePoints="0" numBranchPoints="1" visitedBranchPoints="0" sequenceCoverage="0" branchCoverage="0" maxCyclomaticComplexity="1" minCyclomaticComplexity="1" visitedClasses="0" numClasses="0" visitedMethods="0" numMethods="1" />
              <MetadataToken>100663348</MetadataToken>
              <Name>T MultiKeyMapTests.ConcreteMultiKeyMapTests/Struct1`1::get_Name()</Name>
              <FileRef uid="1" />
              <SequencePoints>
                <SequencePoint vc="0" uspid="107" ordinal="0" offset="0" sl="182" sc="29" el="182" ec="33" bec="0" bev="0" fileid="1" />
              </SequencePoints>
              <BranchPoints />
              <MethodPoint xsi:type="SequencePoint" vc="0" uspid="107" ordinal="0" offset="0" sl="182" sc="29" el="182" ec="33" bec="0" bev="0" fileid="1" />
            </Method>
            <Method visited="true" cyclomaticComplexity="1" nPathComplexity="0" sequenceCoverage="100" branchCoverage="100" isConstructor="false" isStatic="false" isGetter="false" isSetter="true">
              <Summary numSequencePoints="1" visitedSequencePoints="1" numBranchPoints="1" visitedBranchPoints="1" sequenceCoverage="100" branchCoverage="100" maxCyclomaticComplexity="1" minCyclomaticComplexity="1" visitedClasses="0" numClasses="0" visitedMethods="1" numMethods="1" />
              <MetadataToken>100663349</MetadataToken>
              <Name>System.Void MultiKeyMapTests.ConcreteMultiKeyMapTests/Struct1`1::set_Name(T)</Name>
              <FileRef uid="1" />
              <SequencePoints>
                <SequencePoint vc="76" uspid="108" ordinal="0" offset="0" sl="182" sc="34" el="182" ec="46" bec="0" bev="0" fileid="1" />
              </SequencePoints>
              <BranchPoints />
              <MethodPoint xsi:type="SequencePoint" vc="76" uspid="108" ordinal="0" offset="0" sl="182" sc="34" el="182" ec="46" bec="0" bev="0" fileid="1" />
            </Method>
            <Method visited="true" cyclomaticComplexity="1" nPathComplexity="0" sequenceCoverage="100" branchCoverage="100" isConstructor="true" isStatic="false" isGetter="false" isSetter="false">
              <Summary numSequencePoints="3" visitedSequencePoints="3" numBranchPoints="1" visitedBranchPoints="1" sequenceCoverage="100" branchCoverage="100" maxCyclomaticComplexity="1" minCyclomaticComplexity="1" visitedClasses="0" numClasses="0" visitedMethods="1" numMethods="1" />
              <MetadataToken>100663347</MetadataToken>
              <Name>System.Void MultiKeyMapTests.ConcreteMultiKeyMapTests/Struct1`1::.ctor(T)</Name>
              <FileRef uid="1" />
              <SequencePoints>
                <SequencePoint vc="76" uspid="109" ordinal="0" offset="0" sl="178" sc="13" el="178" ec="14" bec="0" bev="0" fileid="1" />
                <SequencePoint vc="76" uspid="110" ordinal="1" offset="1" sl="179" sc="17" el="179" ec="29" bec="0" bev="0" fileid="1" />
                <SequencePoint vc="76" uspid="111" ordinal="2" offset="9" sl="180" sc="13" el="180" ec="14" bec="0" bev="0" fileid="1" />
              </SequencePoints>
              <BranchPoints />
              <MethodPoint xsi:type="SequencePoint" vc="76" uspid="109" ordinal="0" offset="0" sl="178" sc="13" el="178" ec="14" bec="0" bev="0" fileid="1" />
            </Method>
          </Methods>
        </Class>
        <Class>
          <Summary numSequencePoints="1" visitedSequencePoints="1" numBranchPoints="1" visitedBranchPoints="1" sequenceCoverage="100" branchCoverage="100" maxCyclomaticComplexity="1" minCyclomaticComplexity="1" visitedClasses="1" numClasses="1" visitedMethods="1" numMethods="1" />
          <FullName>MultiKeyMapTests.ConcreteMultiKeyMapTests/&lt;&gt;c__7`3</FullName>
          <Methods>
            <Method visited="true" cyclomaticComplexity="1" nPathComplexity="0" sequenceCoverage="0" branchCoverage="0" isConstructor="true" isStatic="true" isGetter="false" isSetter="false">
              <Summary numSequencePoints="0" visitedSequencePoints="0" numBranchPoints="0" visitedBranchPoints="0" sequenceCoverage="0" branchCoverage="0" maxCyclomaticComplexity="1" minCyclomaticComplexity="1" visitedClasses="0" numClasses="0" visitedMethods="0" numMethods="0" />
              <MetadataToken>100663350</MetadataToken>
              <Name>System.Void MultiKeyMapTests.ConcreteMultiKeyMapTests/&lt;&gt;c__7`3::.cctor()</Name>
              <SequencePoints />
              <BranchPoints />
              <MethodPoint vc="4" uspid="112" ordinal="0" offset="0" />
            </Method>
            <Method visited="true" cyclomaticComplexity="1" nPathComplexity="0" sequenceCoverage="0" branchCoverage="0" isConstructor="true" isStatic="false" isGetter="false" isSetter="false">
              <Summary numSequencePoints="0" visitedSequencePoints="0" numBranchPoints="0" visitedBranchPoints="0" sequenceCoverage="0" branchCoverage="0" maxCyclomaticComplexity="1" minCyclomaticComplexity="1" visitedClasses="0" numClasses="0" visitedMethods="0" numMethods="0" />
              <MetadataToken>100663351</MetadataToken>
              <Name>System.Void MultiKeyMapTests.ConcreteMultiKeyMapTests/&lt;&gt;c__7`3::.ctor()</Name>
              <SequencePoints />
              <BranchPoints />
              <MethodPoint vc="4" uspid="113" ordinal="0" offset="0" />
            </Method>
            <Method visited="true" cyclomaticComplexity="1" nPathComplexity="0" sequenceCoverage="100" branchCoverage="100" isConstructor="false" isStatic="false" isGetter="false" isSetter="false">
              <Summary numSequencePoints="1" visitedSequencePoints="1" numBranchPoints="1" visitedBranchPoints="1" sequenceCoverage="100" branchCoverage="100" maxCyclomaticComplexity="1" minCyclomaticComplexity="1" visitedClasses="0" numClasses="0" visitedMethods="1" numMethods="1" />
              <MetadataToken>100663352</MetadataToken>
              <Name>GitHub.Protobufel.MultiKeyMap.IMultiKeyMap`3&lt;T,K,V&gt; MultiKeyMapTests.ConcreteMultiKeyMapTests/&lt;&gt;c__7`3::&lt;InitHelper&gt;b__7_0()</Name>
              <FileRef uid="1" />
              <SequencePoints>
                <SequencePoint vc="40" uspid="114" ordinal="0" offset="0" sl="54" sc="61" el="54" ec="109" bec="0" bev="0" fileid="1" />
              </SequencePoints>
              <BranchPoints />
              <MethodPoint xsi:type="SequencePoint" vc="40" uspid="114" ordinal="0" offset="0" sl="54" sc="61" el="54" ec="109" bec="0" bev="0" fileid="1" />
            </Method>
          </Methods>
        </Class>
        <Class>
          <Summary numSequencePoints="154" visitedSequencePoints="154" numBranchPoints="39" visitedBranchPoints="39" sequenceCoverage="100" branchCoverage="100" maxCyclomaticComplexity="7" minCyclomaticComplexity="1" visitedClasses="1" numClasses="1" visitedMethods="15" numMethods="15" />
          <FullName>MultiKeyMapTests.MultiKeyMapBaseHelper`3</FullName>
          <Methods>
            <Method visited="true" cyclomaticComplexity="1" nPathComplexity="0" sequenceCoverage="100" branchCoverage="100" isConstructor="false" isStatic="false" isGetter="true" isSetter="false">
              <Summary numSequencePoints="1" visitedSequencePoints="1" numBranchPoints="1" visitedBranchPoints="1" sequenceCoverage="100" branchCoverage="100" maxCyclomaticComplexity="1" minCyclomaticComplexity="1" visitedClasses="0" numClasses="0" visitedMethods="1" numMethods="1" />
              <MetadataToken>100663322</MetadataToken>
              <Name>System.Func`1&lt;GitHub.Protobufel.MultiKeyMap.IMultiKeyMap`3&lt;T,K,V&gt;&gt; MultiKeyMapTests.MultiKeyMapBaseHelper`3::get_Supplier()</Name>
              <FileRef uid="5" />
              <SequencePoints>
                <SequencePoint vc="40" uspid="115" ordinal="0" offset="0" sl="41" sc="55" el="41" ec="59" bec="0" bev="0" fileid="5" />
              </SequencePoints>
              <BranchPoints />
              <MethodPoint xsi:type="SequencePoint" vc="40" uspid="115" ordinal="0" offset="0" sl="41" sc="55" el="41" ec="59" bec="0" bev="0" fileid="5" />
            </Method>
            <Method visited="true" cyclomaticComplexity="1" nPathComplexity="0" sequenceCoverage="100" branchCoverage="100" isConstructor="false" isStatic="false" isGetter="false" isSetter="true">
              <Summary numSequencePoints="1" visitedSequencePoints="1" numBranchPoints="1" visitedBranchPoints="1" sequenceCoverage="100" branchCoverage="100" maxCyclomaticComplexity="1" minCyclomaticComplexity="1" visitedClasses="0" numClasses="0" visitedMethods="1" numMethods="1" />
              <MetadataToken>100663323</MetadataToken>
              <Name>System.Void MultiKeyMapTests.MultiKeyMapBaseHelper`3::set_Supplier(System.Func`1&lt;GitHub.Protobufel.MultiKeyMap.IMultiKeyMap`3&lt;T,K,V&gt;&gt;)</Name>
              <FileRef uid="5" />
              <SequencePoints>
                <SequencePoint vc="40" uspid="116" ordinal="0" offset="0" sl="41" sc="60" el="41" ec="64" bec="0" bev="0" fileid="5" />
              </SequencePoints>
              <BranchPoints />
              <MethodPoint xsi:type="SequencePoint" vc="40" uspid="116" ordinal="0" offset="0" sl="41" sc="60" el="41" ec="64" bec="0" bev="0" fileid="5" />
            </Method>
            <Method visited="true" cyclomaticComplexity="1" nPathComplexity="0" sequenceCoverage="100" branchCoverage="100" isConstructor="true" isStatic="false" isGetter="false" isSetter="false">
              <Summary numSequencePoints="12" visitedSequencePoints="12" numBranchPoints="1" visitedBranchPoints="1" sequenceCoverage="100" branchCoverage="100" maxCyclomaticComplexity="1" minCyclomaticComplexity="1" visitedClasses="0" numClasses="0" visitedMethods="1" numMethods="1" />
              <MetadataToken>100663319</MetadataToken>
              <Name>System.Void MultiKeyMapTests.MultiKeyMapBaseHelper`3::.ctor(System.Func`1&lt;GitHub.Protobufel.MultiKeyMap.IMultiKeyMap`3&lt;T,K,V&gt;&gt;,K,K,V,V)</Name>
              <FileRef uid="5" />
              <SequencePoints>
                <SequencePoint vc="40" uspid="117" ordinal="0" offset="0" sl="14" sc="9" el="14" ec="35" bec="0" bev="0" fileid="5" />
                <SequencePoint vc="40" uspid="118" ordinal="1" offset="12" sl="15" sc="9" el="15" ec="35" bec="0" bev="0" fileid="5" />
                <SequencePoint vc="40" uspid="119" ordinal="2" offset="24" sl="16" sc="9" el="16" ec="35" bec="0" bev="0" fileid="5" />
                <SequencePoint vc="40" uspid="120" ordinal="3" offset="36" sl="17" sc="9" el="17" ec="35" bec="0" bev="0" fileid="5" />
                <SequencePoint vc="40" uspid="121" ordinal="4" offset="48" sl="19" sc="9" el="19" ec="125" bec="0" bev="0" fileid="5" />
                <SequencePoint vc="40" uspid="122" ordinal="5" offset="55" sl="20" sc="9" el="20" ec="10" bec="0" bev="0" fileid="5" />
                <SequencePoint vc="40" uspid="123" ordinal="6" offset="56" sl="21" sc="13" el="21" ec="33" bec="0" bev="0" fileid="5" />
                <SequencePoint vc="40" uspid="124" ordinal="7" offset="64" sl="22" sc="13" el="22" ec="26" bec="0" bev="0" fileid="5" />
                <SequencePoint vc="40" uspid="125" ordinal="8" offset="71" sl="23" sc="13" el="23" ec="26" bec="0" bev="0" fileid="5" />
                <SequencePoint vc="40" uspid="126" ordinal="9" offset="79" sl="24" sc="13" el="24" ec="26" bec="0" bev="0" fileid="5" />
                <SequencePoint vc="40" uspid="127" ordinal="10" offset="86" sl="25" sc="13" el="25" ec="26" bec="0" bev="0" fileid="5" />
                <SequencePoint vc="40" uspid="128" ordinal="11" offset="94" sl="26" sc="9" el="26" ec="10" bec="0" bev="0" fileid="5" />
              </SequencePoints>
              <BranchPoints />
              <MethodPoint xsi:type="SequencePoint" vc="40" uspid="117" ordinal="0" offset="0" sl="14" sc="9" el="14" ec="35" bec="0" bev="0" fileid="5" />
            </Method>
            <Method visited="true" cyclomaticComplexity="1" nPathComplexity="0" sequenceCoverage="100" branchCoverage="100" isConstructor="false" isStatic="false" isGetter="false" isSetter="false">
              <Summary numSequencePoints="4" visitedSequencePoints="4" numBranchPoints="1" visitedBranchPoints="1" sequenceCoverage="100" branchCoverage="100" maxCyclomaticComplexity="1" minCyclomaticComplexity="1" visitedClasses="0" numClasses="0" visitedMethods="1" numMethods="1" />
              <MetadataToken>100663320</MetadataToken>
              <Name>System.Void MultiKeyMapTests.MultiKeyMapBaseHelper`3::Init()</Name>
              <FileRef uid="5" />
              <SequencePoints>
                <SequencePoint vc="40" uspid="129" ordinal="0" offset="0" sl="29" sc="9" el="29" ec="10" bec="0" bev="0" fileid="5" />
                <SequencePoint vc="40" uspid="130" ordinal="1" offset="1" sl="30" sc="13" el="30" ec="43" bec="0" bev="0" fileid="5" />
                <SequencePoint vc="40" uspid="131" ordinal="2" offset="18" sl="31" sc="13" el="31" ec="49" bec="0" bev="0" fileid="5" />
                <SequencePoint vc="40" uspid="132" ordinal="3" offset="29" sl="32" sc="9" el="32" ec="10" bec="0" bev="0" fileid="5" />
              </SequencePoints>
              <BranchPoints />
              <MethodPoint xsi:type="SequencePoint" vc="40" uspid="129" ordinal="0" offset="0" sl="29" sc="9" el="29" ec="10" bec="0" bev="0" fileid="5" />
            </Method>
            <Method visited="true" cyclomaticComplexity="1" nPathComplexity="0" sequenceCoverage="100" branchCoverage="100" isConstructor="false" isStatic="false" isGetter="false" isSetter="false">
              <Summary numSequencePoints="4" visitedSequencePoints="4" numBranchPoints="1" visitedBranchPoints="1" sequenceCoverage="100" branchCoverage="100" maxCyclomaticComplexity="1" minCyclomaticComplexity="1" visitedClasses="0" numClasses="0" visitedMethods="1" numMethods="1" />
              <MetadataToken>100663321</MetadataToken>
              <Name>System.Void MultiKeyMapTests.MultiKeyMapBaseHelper`3::Cleanup()</Name>
              <FileRef uid="5" />
              <SequencePoints>
                <SequencePoint vc="40" uspid="133" ordinal="0" offset="0" sl="35" sc="9" el="35" ec="10" bec="0" bev="0" fileid="5" />
                <SequencePoint vc="40" uspid="134" ordinal="1" offset="1" sl="36" sc="13" el="36" ec="30" bec="0" bev="0" fileid="5" />
                <SequencePoint vc="40" uspid="135" ordinal="2" offset="8" sl="37" sc="13" el="37" ec="31" bec="0" bev="0" fileid="5" />
                <SequencePoint vc="40" uspid="136" ordinal="3" offset="15" sl="38" sc="9" el="38" ec="10" bec="0" bev="0" fileid="5" />
              </SequencePoints>
              <BranchPoints />
              <MethodPoint xsi:type="SequencePoint" vc="40" uspid="133" ordinal="0" offset="0" sl="35" sc="9" el="35" ec="10" bec="0" bev="0" fileid="5" />
            </Method>
            <Method visited="true" cyclomaticComplexity="1" nPathComplexity="0" sequenceCoverage="100" branchCoverage="100" isConstructor="false" isStatic="false" isGetter="false" isSetter="false">
              <Summary numSequencePoints="3" visitedSequencePoints="3" numBranchPoints="1" visitedBranchPoints="1" sequenceCoverage="100" branchCoverage="100" maxCyclomaticComplexity="1" minCyclomaticComplexity="1" visitedClasses="0" numClasses="0" visitedMethods="1" numMethods="1" />
              <MetadataToken>100663324</MetadataToken>
              <Name>System.Void MultiKeyMapTests.MultiKeyMapBaseHelper`3::AssertEmptyInstance()</Name>
              <FileRef uid="5" />
              <SequencePoints>
                <SequencePoint vc="4" uspid="137" ordinal="0" offset="0" sl="44" sc="9" el="44" ec="10" bec="0" bev="0" fileid="5" />
                <SequencePoint vc="4" uspid="138" ordinal="1" offset="1" sl="45" sc="13" el="47" ec="35" bec="0" bev="0" fileid="5" />
                <SequencePoint vc="4" uspid="139" ordinal="2" offset="129" sl="48" sc="9" el="48" ec="10" bec="0" bev="0" fileid="5" />
              </SequencePoints>
              <BranchPoints />
              <MethodPoint xsi:type="SequencePoint" vc="4" uspid="137" ordinal="0" offset="0" sl="44" sc="9" el="44" ec="10" bec="0" bev="0" fileid="5" />
            </Method>
            <Method visited="true" cyclomaticComplexity="1" nPathComplexity="0" sequenceCoverage="100" branchCoverage="100" isConstructor="false" isStatic="false" isGetter="false" isSetter="false">
              <Summary numSequencePoints="13" visitedSequencePoints="13" numBranchPoints="1" visitedBranchPoints="1" sequenceCoverage="100" branchCoverage="100" maxCyclomaticComplexity="1" minCyclomaticComplexity="1" visitedClasses="0" numClasses="0" visitedMethods="1" numMethods="1" />
              <MetadataToken>100663325</MetadataToken>
              <Name>System.Void MultiKeyMapTests.MultiKeyMapBaseHelper`3::AssertAdd()</Name>
              <FileRef uid="5" />
              <SequencePoints>
                <SequencePoint vc="4" uspid="140" ordinal="0" offset="0" sl="51" sc="9" el="51" ec="10" bec="0" bev="0" fileid="5" />
                <SequencePoint vc="4" uspid="141" ordinal="1" offset="1" sl="52" sc="13" el="52" ec="22" bec="0" bev="0" fileid="5" />
                <SequencePoint vc="4" uspid="142" ordinal="2" offset="8" sl="53" sc="13" el="53" ec="22" bec="0" bev="0" fileid="5" />
                <SequencePoint vc="4" uspid="143" ordinal="3" offset="15" sl="54" sc="13" el="54" ec="77" bec="0" bev="0" fileid="5" />
                <SequencePoint vc="4" uspid="144" ordinal="4" offset="24" sl="56" sc="13" el="56" ec="33" bec="0" bev="0" fileid="5" />
                <SequencePoint vc="4" uspid="145" ordinal="5" offset="38" sl="57" sc="13" el="57" ec="127" bec="0" bev="0" fileid="5" />
                <SequencePoint vc="4" uspid="146" ordinal="6" offset="149" sl="59" sc="13" el="59" ec="67" bec="0" bev="0" fileid="5" />
                <SequencePoint vc="4" uspid="147" ordinal="7" offset="167" sl="60" sc="13" el="60" ec="93" bec="0" bev="0" fileid="5" />
                <SequencePoint vc="4" uspid="148" ordinal="8" offset="237" sl="62" sc="13" el="62" ec="67" bec="0" bev="0" fileid="5" />
                <SequencePoint vc="4" uspid="149" ordinal="9" offset="256" sl="63" sc="13" el="63" ec="95" bec="0" bev="0" fileid="5" />
                <SequencePoint vc="4" uspid="150" ordinal="10" offset="327" sl="65" sc="13" el="65" ec="69" bec="0" bev="0" fileid="5" />
                <SequencePoint vc="4" uspid="151" ordinal="11" offset="346" sl="66" sc="13" el="66" ec="108" bec="0" bev="0" fileid="5" />
                <SequencePoint vc="4" uspid="152" ordinal="12" offset="417" sl="67" sc="9" el="67" ec="10" bec="0" bev="0" fileid="5" />
              </SequencePoints>
              <BranchPoints />
              <MethodPoint xsi:type="SequencePoint" vc="4" uspid="140" ordinal="0" offset="0" sl="51" sc="9" el="51" ec="10" bec="0" bev="0" fileid="5" />
            </Method>
            <Method visited="true" cyclomaticComplexity="1" nPathComplexity="0" sequenceCoverage="100" branchCoverage="100" isConstructor="false" isStatic="false" isGetter="false" isSetter="false">
              <Summary numSequencePoints="8" visitedSequencePoints="8" numBranchPoints="1" visitedBranchPoints="1" sequenceCoverage="100" branchCoverage="100" maxCyclomaticComplexity="1" minCyclomaticComplexity="1" visitedClasses="0" numClasses="0" visitedMethods="1" numMethods="1" />
              <MetadataToken>100663326</MetadataToken>
              <Name>System.Void MultiKeyMapTests.MultiKeyMapBaseHelper`3::AssertAddTwiceSame()</Name>
              <FileRef uid="5" />
              <SequencePoints>
                <SequencePoint vc="4" uspid="153" ordinal="0" offset="13" sl="70" sc="9" el="70" ec="10" bec="0" bev="0" fileid="5" />
                <SequencePoint vc="4" uspid="154" ordinal="1" offset="14" sl="71" sc="13" el="71" ec="22" bec="0" bev="0" fileid="5" />
                <SequencePoint vc="4" uspid="155" ordinal="2" offset="26" sl="72" sc="13" el="72" ec="22" bec="0" bev="0" fileid="5" />
                <SequencePoint vc="4" uspid="156" ordinal="3" offset="38" sl="73" sc="13" el="73" ec="77" bec="0" bev="0" fileid="5" />
                <SequencePoint vc="4" uspid="157" ordinal="4" offset="57" sl="75" sc="13" el="75" ec="33" bec="0" bev="0" fileid="5" />
                <SequencePoint vc="4" uspid="158" ordinal="5" offset="81" sl="77" sc="13" el="77" ec="52" bec="0" bev="0" fileid="5" />
                <SequencePoint vc="4" uspid="159" ordinal="6" offset="94" sl="78" sc="13" el="78" ec="50" bec="0" bev="0" fileid="5" />
                <SequencePoint vc="4" uspid="160" ordinal="7" offset="111" sl="79" sc="9" el="79" ec="10" bec="0" bev="0" fileid="5" />
              </SequencePoints>
              <BranchPoints />
              <MethodPoint vc="4" uspid="161" ordinal="0" offset="0" />
            </Method>
            <Method visited="true" cyclomaticComplexity="1" nPathComplexity="0" sequenceCoverage="100" branchCoverage="100" isConstructor="false" isStatic="false" isGetter="false" isSetter="false">
              <Summary numSequencePoints="8" visitedSequencePoints="8" numBranchPoints="1" visitedBranchPoints="1" sequenceCoverage="100" branchCoverage="100" maxCyclomaticComplexity="1" minCyclomaticComplexity="1" visitedClasses="0" numClasses="0" visitedMethods="1" numMethods="1" />
              <MetadataToken>100663327</MetadataToken>
              <Name>System.Void MultiKeyMapTests.MultiKeyMapBaseHelper`3::AssertAddNullKey()</Name>
              <FileRef uid="5" />
              <SequencePoints>
                <SequencePoint vc="4" uspid="162" ordinal="0" offset="13" sl="82" sc="9" el="82" ec="10" bec="0" bev="0" fileid="5" />
                <SequencePoint vc="4" uspid="163" ordinal="1" offset="14" sl="83" sc="13" el="83" ec="22" bec="0" bev="0" fileid="5" />
                <SequencePoint vc="4" uspid="164" ordinal="2" offset="21" sl="84" sc="13" el="84" ec="22" bec="0" bev="0" fileid="5" />
                <SequencePoint vc="4" uspid="165" ordinal="3" offset="33" sl="85" sc="13" el="85" ec="77" bec="0" bev="0" fileid="5" />
                <SequencePoint vc="4" uspid="166" ordinal="4" offset="47" sl="87" sc="13" el="87" ec="33" bec="0" bev="0" fileid="5" />
                <SequencePoint vc="4" uspid="167" ordinal="5" offset="54" sl="88" sc="13" el="88" ec="59" bec="0" bev="0" fileid="5" />
                <SequencePoint vc="4" uspid="168" ordinal="6" offset="67" sl="89" sc="13" el="89" ec="54" bec="0" bev="0" fileid="5" />
                <SequencePoint vc="4" uspid="169" ordinal="7" offset="84" sl="90" sc="9" el="90" ec="10" bec="0" bev="0" fileid="5" />
              </SequencePoints>
              <BranchPoints />
              <MethodPoint vc="4" uspid="170" ordinal="0" offset="0" />
            </Method>
            <Method visited="true" cyclomaticComplexity="1" nPathComplexity="0" sequenceCoverage="100" branchCoverage="100" isConstructor="false" isStatic="false" isGetter="false" isSetter="false">
              <Summary numSequencePoints="13" visitedSequencePoints="13" numBranchPoints="1" visitedBranchPoints="1" sequenceCoverage="100" branchCoverage="100" maxCyclomaticComplexity="1" minCyclomaticComplexity="1" visitedClasses="0" numClasses="0" visitedMethods="1" numMethods="1" />
              <MetadataToken>100663328</MetadataToken>
              <Name>System.Void MultiKeyMapTests.MultiKeyMapBaseHelper`3::AssertSetIndexer()</Name>
              <FileRef uid="5" />
              <SequencePoints>
                <SequencePoint vc="4" uspid="171" ordinal="0" offset="0" sl="93" sc="9" el="93" ec="10" bec="0" bev="0" fileid="5" />
                <SequencePoint vc="4" uspid="172" ordinal="1" offset="1" sl="94" sc="13" el="94" ec="22" bec="0" bev="0" fileid="5" />
                <SequencePoint vc="4" uspid="173" ordinal="2" offset="8" sl="95" sc="13" el="95" ec="22" bec="0" bev="0" fileid="5" />
                <SequencePoint vc="4" uspid="174" ordinal="3" offset="15" sl="96" sc="13" el="96" ec="77" bec="0" bev="0" fileid="5" />
                <SequencePoint vc="4" uspid="175" ordinal="4" offset="24" sl="98" sc="13" el="98" ec="30" bec="0" bev="0" fileid="5" />
                <SequencePoint vc="4" uspid="176" ordinal="5" offset="38" sl="99" sc="13" el="99" ec="127" bec="0" bev="0" fileid="5" />
                <SequencePoint vc="4" uspid="177" ordinal="6" offset="149" sl="101" sc="13" el="101" ec="67" bec="0" bev="0" fileid="5" />
                <SequencePoint vc="4" uspid="178" ordinal="7" offset="167" sl="102" sc="13" el="102" ec="93" bec="0" bev="0" fileid="5" />
                <SequencePoint vc="4" uspid="179" ordinal="8" offset="237" sl="104" sc="13" el="104" ec="67" bec="0" bev="0" fileid="5" />
                <SequencePoint vc="4" uspid="180" ordinal="9" offset="256" sl="105" sc="13" el="105" ec="95" bec="0" bev="0" fileid="5" />
                <SequencePoint vc="4" uspid="181" ordinal="10" offset="327" sl="107" sc="13" el="107" ec="69" bec="0" bev="0" fileid="5" />
                <SequencePoint vc="4" uspid="182" ordinal="11" offset="346" sl="108" sc="13" el="108" ec="108" bec="0" bev="0" fileid="5" />
                <SequencePoint vc="4" uspid="183" ordinal="12" offset="417" sl="109" sc="9" el="109" ec="10" bec="0" bev="0" fileid="5" />
              </SequencePoints>
              <BranchPoints />
              <MethodPoint xsi:type="SequencePoint" vc="4" uspid="171" ordinal="0" offset="0" sl="93" sc="9" el="93" ec="10" bec="0" bev="0" fileid="5" />
            </Method>
            <Method visited="true" cyclomaticComplexity="1" nPathComplexity="0" sequenceCoverage="100" branchCoverage="100" isConstructor="false" isStatic="false" isGetter="false" isSetter="false">
              <Summary numSequencePoints="10" visitedSequencePoints="10" numBranchPoints="1" visitedBranchPoints="1" sequenceCoverage="100" branchCoverage="100" maxCyclomaticComplexity="1" minCyclomaticComplexity="1" visitedClasses="0" numClasses="0" visitedMethods="1" numMethods="1" />
              <MetadataToken>100663329</MetadataToken>
              <Name>System.Void MultiKeyMapTests.MultiKeyMapBaseHelper`3::AssertSetIndexerTwice()</Name>
              <FileRef uid="5" />
              <SequencePoints>
                <SequencePoint vc="4" uspid="184" ordinal="0" offset="13" sl="112" sc="9" el="112" ec="10" bec="0" bev="0" fileid="5" />
                <SequencePoint vc="4" uspid="185" ordinal="1" offset="14" sl="113" sc="13" el="113" ec="22" bec="0" bev="0" fileid="5" />
                <SequencePoint vc="4" uspid="186" ordinal="2" offset="26" sl="114" sc="13" el="114" ec="22" bec="0" bev="0" fileid="5" />
                <SequencePoint vc="4" uspid="187" ordinal="3" offset="38" sl="115" sc="13" el="115" ec="77" bec="0" bev="0" fileid="5" />
                <SequencePoint vc="4" uspid="188" ordinal="4" offset="57" sl="117" sc="13" el="117" ec="30" bec="0" bev="0" fileid="5" />
                <SequencePoint vc="4" uspid="189" ordinal="5" offset="81" sl="119" sc="13" el="119" ec="49" bec="0" bev="0" fileid="5" />
                <SequencePoint vc="4" uspid="190" ordinal="6" offset="94" sl="120" sc="13" el="120" ec="53" bec="0" bev="0" fileid="5" />
                <SequencePoint vc="4" uspid="191" ordinal="7" offset="111" sl="121" sc="13" el="121" ec="45" bec="0" bev="0" fileid="5" />
                <SequencePoint vc="4" uspid="192" ordinal="8" offset="139" sl="122" sc="13" el="122" ec="50" bec="0" bev="0" fileid="5" />
                <SequencePoint vc="4" uspid="193" ordinal="9" offset="183" sl="123" sc="9" el="123" ec="10" bec="0" bev="0" fileid="5" />
              </SequencePoints>
              <BranchPoints />
              <MethodPoint vc="4" uspid="194" ordinal="0" offset="0" />
            </Method>
            <Method visited="true" cyclomaticComplexity="1" nPathComplexity="0" sequenceCoverage="100" branchCoverage="100" isConstructor="false" isStatic="false" isGetter="false" isSetter="false">
              <Summary numSequencePoints="15" visitedSequencePoints="15" numBranchPoints="1" visitedBranchPoints="1" sequenceCoverage="100" branchCoverage="100" maxCyclomaticComplexity="1" minCyclomaticComplexity="1" visitedClasses="0" numClasses="0" visitedMethods="1" numMethods="1" />
              <MetadataToken>100663330</MetadataToken>
              <Name>System.Void MultiKeyMapTests.MultiKeyMapBaseHelper`3::AssertRemove()</Name>
              <FileRef uid="5" />
              <SequencePoints>
                <SequencePoint vc="4" uspid="195" ordinal="0" offset="13" sl="126" sc="9" el="126" ec="10" bec="0" bev="0" fileid="5" />
                <SequencePoint vc="4" uspid="196" ordinal="1" offset="14" sl="127" sc="13" el="127" ec="22" bec="0" bev="0" fileid="5" />
                <SequencePoint vc="4" uspid="197" ordinal="2" offset="21" sl="128" sc="13" el="128" ec="22" bec="0" bev="0" fileid="5" />
                <SequencePoint vc="4" uspid="198" ordinal="3" offset="28" sl="129" sc="13" el="129" ec="77" bec="0" bev="0" fileid="5" />
                <SequencePoint vc="4" uspid="199" ordinal="4" offset="37" sl="131" sc="13" el="131" ec="33" bec="0" bev="0" fileid="5" />
                <SequencePoint vc="4" uspid="200" ordinal="5" offset="51" sl="132" sc="13" el="132" ec="48" bec="0" bev="0" fileid="5" />
                <SequencePoint vc="4" uspid="201" ordinal="6" offset="65" sl="133" sc="13" el="133" ec="48" bec="0" bev="0" fileid="5" />
                <SequencePoint vc="4" uspid="202" ordinal="7" offset="89" sl="134" sc="13" el="134" ec="45" bec="0" bev="0" fileid="5" />
                <SequencePoint vc="4" uspid="203" ordinal="8" offset="117" sl="136" sc="13" el="136" ec="43" bec="0" bev="0" fileid="5" />
                <SequencePoint vc="4" uspid="204" ordinal="9" offset="131" sl="137" sc="13" el="137" ec="49" bec="0" bev="0" fileid="5" />
                <SequencePoint vc="4" uspid="205" ordinal="10" offset="155" sl="138" sc="13" el="138" ec="45" bec="0" bev="0" fileid="5" />
                <SequencePoint vc="4" uspid="206" ordinal="11" offset="183" sl="140" sc="13" el="140" ec="33" bec="0" bev="0" fileid="5" />
                <SequencePoint vc="4" uspid="207" ordinal="12" offset="190" sl="141" sc="13" el="141" ec="59" bec="0" bev="0" fileid="5" />
                <SequencePoint vc="4" uspid="208" ordinal="13" offset="204" sl="142" sc="13" el="142" ec="54" bec="0" bev="0" fileid="5" />
                <SequencePoint vc="4" uspid="209" ordinal="14" offset="222" sl="143" sc="9" el="143" ec="10" bec="0" bev="0" fileid="5" />
              </SequencePoints>
              <BranchPoints />
              <MethodPoint vc="4" uspid="210" ordinal="0" offset="0" />
            </Method>
            <Method visited="true" cyclomaticComplexity="7" nPathComplexity="16" sequenceCoverage="100" branchCoverage="100" isConstructor="false" isStatic="false" isGetter="false" isSetter="false">
              <Summary numSequencePoints="20" visitedSequencePoints="20" numBranchPoints="9" visitedBranchPoints="9" sequenceCoverage="100" branchCoverage="100" maxCyclomaticComplexity="7" minCyclomaticComplexity="7" visitedClasses="0" numClasses="0" visitedMethods="1" numMethods="1" />
              <MetadataToken>100663331</MetadataToken>
              <Name>System.Void MultiKeyMapTests.MultiKeyMapBaseHelper`3::AssertGetFullKeysByPartialKey(System.Collections.Generic.IEnumerable`1&lt;T&gt;)</Name>
              <FileRef uid="5" />
              <SequencePoints>
                <SequencePoint vc="4" uspid="211" ordinal="0" offset="0" sl="146" sc="9" el="146" ec="10" bec="0" bev="0" fileid="5" />
                <SequencePoint vc="4" uspid="212" ordinal="1" offset="1" sl="149" sc="13" el="149" ec="65" bec="0" bev="0" fileid="5" />
[...]
      <ModuleName>System.Runtime</ModuleName>
      <Classes />
    </Module>
    <Module skippedDueTo="Filter" hash="34-8C-C8-17-05-E2-C1-B4-73-D7-56-98-77-31-CB-4F-B4-1A-04-01">
      <ModulePath>C:\WINDOWS\Microsoft.Net\assembly\GAC_MSIL\System.Resources.ResourceManager\v4.0_4.0.0.0__b03f5f7f11d50a3a\System.Resources.ResourceManager.dll</ModulePath>
      <ModuleTime>2017-03-18T20:59:46.040827Z</ModuleTime>
      <ModuleName>System.Resources.ResourceManager</ModuleName>
      <Classes />
    </Module>
    <Module skippedDueTo="Filter" hash="27-66-C8-D0-90-FA-62-6B-33-AF-58-9A-78-FF-5F-A5-A4-8E-85-75">
      <ModulePath>C:\WINDOWS\Microsoft.Net\assembly\GAC_MSIL\System.Reflection\v4.0_4.0.0.0__b03f5f7f11d50a3a\System.Reflection.dll</ModulePath>
      <ModuleTime>2017-03-18T20:59:42.2436309Z</ModuleTime>
      <ModuleName>System.Reflection</ModuleName>
      <Classes />
    </Module>
    <Module skippedDueTo="Filter" hash="67-EF-2B-1F-03-26-33-E1-72-9D-C5-D3-59-F5-BE-43-D3-AD-59-0C">
      <ModulePath>C:\WINDOWS\Microsoft.Net\assembly\GAC_MSIL\System.Runtime.Extensions\v4.0_4.0.0.0__b03f5f7f11d50a3a\System.Runtime.Extensions.dll</ModulePath>
      <ModuleTime>2017-03-18T20:59:43.8687681Z</ModuleTime>
      <ModuleName>System.Runtime.Extensions</ModuleName>
      <Classes />
    </Module>
    <Module skippedDueTo="Filter" hash="2F-2D-15-1B-6D-49-89-92-78-0A-0D-90-DB-18-08-79-54-D3-E6-67">
      <ModulePath>C:\WINDOWS\Microsoft.Net\assembly\GAC_MSIL\System.Collections\v4.0_4.0.0.0__b03f5f7f11d50a3a\System.Collections.dll</ModulePath>
      <ModuleTime>2017-03-18T20:59:46.0564541Z</ModuleTime>
      <ModuleName>System.Collections</ModuleName>
      <Classes />
    </Module>
    <Module skippedDueTo="Filter" hash="FE-79-A5-A5-5E-89-A9-B1-A2-5F-4E-A0-A3-18-92-DA-E0-D6-FC-27">
      <ModulePath>C:\WINDOWS\Microsoft.Net\assembly\GAC_MSIL\System.Globalization\v4.0_4.0.0.0__b03f5f7f11d50a3a\System.Globalization.dll</ModulePath>
      <ModuleTime>2017-03-18T20:59:46.118959Z</ModuleTime>
      <ModuleName>System.Globalization</ModuleName>
      <Classes />
    </Module>
    <Module skippedDueTo="Filter" hash="28-C7-F1-D2-B6-62-A4-31-36-3F-31-93-5D-F9-9F-81-C1-48-1A-D4">
      <ModulePath>C:\WINDOWS\Microsoft.Net\assembly\GAC_MSIL\System.Threading.Tasks\v4.0_4.0.0.0__b03f5f7f11d50a3a\System.Threading.Tasks.dll</ModulePath>
      <ModuleTime>2017-03-18T20:59:48.0566246Z</ModuleTime>
      <ModuleName>System.Threading.Tasks</ModuleName>
      <Classes />
    </Module>
    <Module skippedDueTo="Filter" hash="59-06-FC-20-2C-BE-B3-EF-B1-49-C8-78-EE-65-1D-1A-2D-31-C0-D9">
      <ModulePath>C:\WINDOWS\Microsoft.Net\assembly\GAC_MSIL\System.Diagnostics.Debug\v4.0_4.0.0.0__b03f5f7f11d50a3a\System.Diagnostics.Debug.dll</ModulePath>
      <ModuleTime>2017-03-18T20:59:47.7753493Z</ModuleTime>
      <ModuleName>System.Diagnostics.Debug</ModuleName>
      <Classes />
    </Module>
    <Module skippedDueTo="Filter" hash="E6-BA-01-FD-8A-7E-FE-04-FC-9C-52-DF-6D-0E-3F-2C-29-B1-C2-13">
      <ModulePath>C:\WINDOWS\Microsoft.Net\assembly\GAC_MSIL\System.Text.RegularExpressions\v4.0_4.0.0.0__b03f5f7f11d50a3a\System.Text.RegularExpressions.dll</ModulePath>
      <ModuleTime>2017-03-18T20:59:48.1191284Z</ModuleTime>
      <ModuleName>System.Text.RegularExpressions</ModuleName>
      <Classes />
    </Module>
    <Module skippedDueTo="Filter" hash="6B-F5-6B-40-59-9F-D4-46-DA-C6-3E-F7-1C-E8-27-BC-C6-05-4C-A1">
      <ModulePath>C:\WINDOWS\Microsoft.Net\assembly\GAC_MSIL\System.Diagnostics.Tools\v4.0_4.0.0.0__b03f5f7f11d50a3a\System.Diagnostics.Tools.dll</ModulePath>
      <ModuleTime>2017-03-18T20:59:45.8689378Z</ModuleTime>
      <ModuleName>System.Diagnostics.Tools</ModuleName>
      <Classes />
    </Module>
    <Module skippedDueTo="Filter" hash="C3-25-79-70-A4-96-EB-61-46-9A-7D-44-6A-F1-69-36-34-10-23-32">
      <ModulePath>C:\WINDOWS\Microsoft.Net\assembly\GAC_MSIL\System.Threading\v4.0_4.0.0.0__b03f5f7f11d50a3a\System.Threading.dll</ModulePath>
      <ModuleTime>2017-03-18T20:59:42.3061358Z</ModuleTime>
      <ModuleName>System.Threading</ModuleName>
      <Classes />
    </Module>
    <Module skippedDueTo="Filter" hash="46-09-E4-21-D0-B0-0D-A2-4F-85-8E-48-D6-7A-C3-82-BD-FE-F6-E4">
      <ModulePath>C:\WINDOWS\Microsoft.Net\assembly\GAC_MSIL\System.Reflection.Extensions\v4.0_4.0.0.0__b03f5f7f11d50a3a\System.Reflection.Extensions.dll</ModulePath>
      <ModuleTime>2017-03-18T20:59:44.0250313Z</ModuleTime>
      <ModuleName>System.Reflection.Extensions</ModuleName>
      <Classes />
    </Module>
    <Module skippedDueTo="MissingPdb" hash="35-35-8F-57-DC-B9-5A-B9-FF-5F-10-2B-65-2C-BB-AE-FA-82-4E-CE">
      <ModulePath>C:\Users\David\git\multikeymapcsharp\multikeymaptests\bin\debug\MultiKeyMap.dll</ModulePath>
      <ModuleTime>2017-05-13T10:59:35.1061696Z</ModuleTime>
      <ModuleName>MultiKeyMap</ModuleName>
      <Classes />
    </Module>
    <Module skippedDueTo="Filter" hash="79-2F-E4-81-15-23-A9-72-6E-4B-61-08-E7-03-D3-3D-F2-DA-F6-11">
      <ModulePath>C:\WINDOWS\Microsoft.Net\assembly\GAC_MSIL\System\v4.0_4.0.0.0__b77a5c561934e089\System.dll</ModulePath>
      <ModuleTime>2017-04-27T21:18:08.4447074Z</ModuleTime>
      <ModuleName>System</ModuleName>
      <Classes />
    </Module>
    <Module skippedDueTo="Filter" hash="31-3D-D1-85-09-9C-43-A7-23-8A-38-24-7D-DF-57-1C-3F-E8-84-30">
      <ModulePath>C:\WINDOWS\Microsoft.Net\assembly\GAC_MSIL\System.Core\v4.0_4.0.0.0__b77a5c561934e089\System.Core.dll</ModulePath>
      <ModuleTime>2017-04-27T21:18:08.2884441Z</ModuleTime>
      <ModuleName>System.Core</ModuleName>
      <Classes />
    </Module>
    <Module skippedDueTo="Filter" hash="7B-A0-48-61-37-68-49-39-B4-A8-F6-42-40-A0-71-B3-B0-DC-7C-FB">
      <ModulePath>C:\Users\David\git\multikeymapcsharp\multikeymaptests\bin\debug\FluentAssertions.dll</ModulePath>
      <ModuleTime>2017-03-08T14:21:22Z</ModuleTime>
      <ModuleName>FluentAssertions</ModuleName>
      <Classes />
    </Module>
    <Module skippedDueTo="Filter" hash="EB-BD-A0-3D-95-BF-2A-D4-64-28-D7-A3-99-1E-57-57-3F-14-81-BF">
      <ModulePath>C:\Users\David\git\multikeymapcsharp\multikeymaptests\bin\debug\FluentAssertions.Core.dll</ModulePath>
      <ModuleTime>2017-03-08T14:21:22Z</ModuleTime>
      <ModuleName>FluentAssertions.Core</ModuleName>
      <Classes />
    </Module>
    <Module skippedDueTo="Filter" hash="78-34-25-03-D2-B2-45-90-ED-CB-35-FE-38-B1-51-C0-BF-C1-56-82">
      <ModulePath>C:\WINDOWS\Microsoft.Net\assembly\GAC_MSIL\System.Runtime.Serialization\v4.0_4.0.0.0__b77a5c561934e089\System.Runtime.Serialization.dll</ModulePath>
      <ModuleTime>2017-03-18T20:59:46.1033339Z</ModuleTime>
      <ModuleName>System.Runtime.Serialization</ModuleName>
      <Classes />
    </Module>
    <Module skippedDueTo="Filter" hash="BC-3D-7B-FA-41-15-98-9E-BD-CB-6E-11-CC-4E-F2-49-2D-A6-58-72">
      <ModulePath>C:\WINDOWS\Microsoft.Net\assembly\GAC_MSIL\System.Xml\v4.0_4.0.0.0__b77a5c561934e089\System.Xml.dll</ModulePath>
      <ModuleTime>2017-03-18T20:59:43.8218895Z</ModuleTime>
      <ModuleName>System.Xml</ModuleName>
      <Classes />
    </Module>
    <Module skippedDueTo="Filter" hash="B2-28-6B-70-63-9D-E4-57-87-05-C1-81-C5-79-94-3B-83-FA-E0-DD">
      <ModulePath>C:\WINDOWS\Microsoft.Net\assembly\GAC_MSIL\System.Xml.Linq\v4.0_4.0.0.0__b77a5c561934e089\System.Xml.Linq.dll</ModulePath>
      <ModuleTime>2017-03-18T20:59:45.7283009Z</ModuleTime>
      <ModuleName>System.Xml.Linq</ModuleName>
      <Classes />
    </Module>
    <Module skippedDueTo="Filter" hash="0C-91-60-C5-26-07-2E-2E-54-A1-8A-32-86-67-C5-B4-A5-93-05-F9">
      <ModulePath>C:\WINDOWS\Microsoft.Net\assembly\GAC_MSIL\System.Configuration\v4.0_4.0.0.0__b03f5f7f11d50a3a\System.Configuration.dll</ModulePath>
      <ModuleTime>2017-03-18T20:59:43.7281312Z</ModuleTime>
      <ModuleName>System.Configuration</ModuleName>
      <Classes />
    </Module>
    <Module skippedDueTo="MissingPdb" hash="E3-6B-FF-E9-15-14-17-3B-56-14-4F-EA-85-5F-E9-BE-73-EC-9E-57">
      <ModulePath>C:\Program Files (x86)\Microsoft Visual Studio\2017\Community\Common7\IDE\PrivateAssemblies\Microsoft.VisualStudio.QualityTools.AgentProcessManager.dll</ModulePath>
      <ModuleTime>2017-03-13T21:39:07.4430363Z</ModuleTime>
      <ModuleName>Microsoft.VisualStudio.QualityTools.AgentProcessManager</ModuleName>
      <Classes />
    </Module>
    <Module skippedDueTo="MissingPdb" hash="A7-9D-48-DD-AA-0D-2D-B4-8C-8C-BD-C8-56-0C-92-31-18-AB-A8-83">
      <ModulePath>C:\Program Files (x86)\Microsoft Visual Studio\2017\Community\Common7\IDE\PrivateAssemblies\Microsoft.VisualStudio.QualityTools.DataCollectionAgentObject.dll</ModulePath>
      <ModuleTime>2017-03-13T21:39:07.4430363Z</ModuleTime>
      <ModuleName>Microsoft.VisualStudio.QualityTools.DataCollectionAgentObject</ModuleName>
      <Classes />
    </Module>
    <Module skippedDueTo="MissingPdb" hash="9E-84-31-63-EE-95-33-23-D4-D6-52-78-4E-1C-B8-E7-C1-F6-9C-64">
      <ModulePath>C:\Program Files (x86)\Microsoft Visual Studio\2017\Community\Common7\IDE\PublicAssemblies\Microsoft.VisualStudio.QualityTools.Common.dll</ModulePath>
      <ModuleTime>2017-03-13T21:39:07.4430363Z</ModuleTime>
      <ModuleName>Microsoft.VisualStudio.QualityTools.Common</ModuleName>
      <Classes />
    </Module>
    <Module skippedDueTo="MissingPdb" hash="83-4F-4E-80-FC-BB-66-FA-71-42-AD-36-BC-54-6D-81-11-8D-D0-FC">
      <ModulePath>C:\Program Files (x86)\Microsoft Visual Studio\2017\Community\Common7\IDE\PrivateAssemblies\Microsoft.VisualStudio.QualityTools.Resource.dll</ModulePath>
      <ModuleTime>2017-03-13T21:39:07.4430363Z</ModuleTime>
      <ModuleName>Microsoft.VisualStudio.QualityTools.Resource</ModuleName>
      <Classes />
    </Module>
    <Module skippedDueTo="MissingPdb" hash="1E-C5-80-EB-1C-6A-18-4D-FD-8B-EB-2E-96-A3-78-D6-CA-A3-73-F4">
      <ModulePath>C:\Program Files (x86)\Microsoft Visual Studio\2017\Community\Common7\IDE\PrivateAssemblies\Microsoft.VisualStudio.QualityTools.AgentObject.dll</ModulePath>
      <ModuleTime>2017-03-13T21:39:07.4430363Z</ModuleTime>
      <ModuleName>Microsoft.VisualStudio.QualityTools.AgentObject</ModuleName>
      <Classes />
    </Module>
    <Module skippedDueTo="MissingPdb" hash="5F-92-D9-C9-D8-C1-9C-15-CA-33-3E-D5-8E-B2-18-F0-12-B5-3E-AD">
      <ModulePath>C:\Program Files (x86)\Microsoft Visual Studio\2017\Community\Common7\IDE\PublicAssemblies\Microsoft.VisualStudio.QualityTools.ExecutionCommon.dll</ModulePath>
      <ModuleTime>2017-03-13T21:39:07.4430363Z</ModuleTime>
      <ModuleName>Microsoft.VisualStudio.QualityTools.ExecutionCommon</ModuleName>
      <Classes />
    </Module>
    <Module skippedDueTo="MissingPdb" hash="8B-40-E0-97-5B-AA-7E-09-7F-58-D5-A4-64-BD-D8-11-47-E1-81-F2">
      <ModulePath>C:\Program Files (x86)\Microsoft Visual Studio\2017\Community\Common7\IDE\PrivateAssemblies\Microsoft.VisualStudio.QualityTools.Tips.UnitTest.Adapter.dll</ModulePath>
      <ModuleTime>2017-03-13T21:39:07.4430363Z</ModuleTime>
      <ModuleName>Microsoft.VisualStudio.QualityTools.Tips.UnitTest.Adapter</ModuleName>
      <Classes />
    </Module>
    <Module skippedDueTo="MissingPdb" hash="35-35-8F-57-DC-B9-5A-B9-FF-5F-10-2B-65-2C-BB-AE-FA-82-4E-CE">
      <ModulePath>C:\Users\David\git\multikeymapcsharp\MultiKeyMapTests\bin\Debug\MultiKeyMap.dll</ModulePath>
      <ModuleTime>2017-05-13T10:59:35.1061696Z</ModuleTime>
      <ModuleName>MultiKeyMap</ModuleName>
      <Classes />
    </Module>
    <Module skippedDueTo="MissingPdb" hash="E8-EA-4E-3A-63-6F-FB-54-DB-13-CD-DD-9E-AF-D2-85-5A-62-62-30">
      <ModulePath>C:\Program Files (x86)\Microsoft Visual Studio\2017\Community\Common7\IDE\PrivateAssemblies\DataCollectors\Microsoft.IntelliTrace.ConfigUI.dll</ModulePath>
      <ModuleTime>2017-03-13T21:39:07.4430363Z</ModuleTime>
      <ModuleName>Microsoft.IntelliTrace.ConfigUI</ModuleName>
      <Classes />
    </Module>
    <Module skippedDueTo="MissingPdb" hash="11-2D-0F-14-C4-6F-31-A6-79-26-1E-85-73-9C-76-9C-49-A5-5D-9B">
      <ModulePath>C:\WINDOWS\Microsoft.Net\assembly\GAC_MSIL\PresentationFramework\v4.0_4.0.0.0__31bf3856ad364e35\PresentationFramework.dll</ModulePath>
      <ModuleTime>2017-04-27T21:18:10.0229708Z</ModuleTime>
      <ModuleName>PresentationFramework</ModuleName>
      <Classes />
    </Module>
    <Module skippedDueTo="MissingPdb" hash="F8-D9-FA-FB-98-19-DC-79-C3-9E-95-5E-0D-66-DE-39-62-BF-8F-57">
      <ModulePath>C:\WINDOWS\Microsoft.Net\assembly\GAC_32\PresentationCore\v4.0_4.0.0.0__31bf3856ad364e35\PresentationCore.dll</ModulePath>
      <ModuleTime>2017-04-27T21:18:09.8354428Z</ModuleTime>
      <ModuleName>PresentationCore</ModuleName>
      <Classes />
    </Module>
    <Module skippedDueTo="Filter" hash="7B-A0-48-61-37-68-49-39-B4-A8-F6-42-40-A0-71-B3-B0-DC-7C-FB">
      <ModulePath>C:\Users\David\git\multikeymapcsharp\MultiKeyMapTests\bin\Debug\FluentAssertions.dll</ModulePath>
      <ModuleTime>2017-03-08T14:21:22Z</ModuleTime>
      <ModuleName>FluentAssertions</ModuleName>
      <Classes />
    </Module>
    <Module skippedDueTo="Filter" hash="EB-BD-A0-3D-95-BF-2A-D4-64-28-D7-A3-99-1E-57-57-3F-14-81-BF">
      <ModulePath>C:\Users\David\git\multikeymapcsharp\MultiKeyMapTests\bin\Debug\FluentAssertions.Core.dll</ModulePath>
      <ModuleTime>2017-03-08T14:21:22Z</ModuleTime>
      <ModuleName>FluentAssertions.Core</ModuleName>
      <Classes />
    </Module>
    <Module skippedDueTo="MissingPdb" hash="F7-A6-AC-22-8F-26-B7-71-D1-E8-17-CE-22-E7-C9-D1-3E-A6-7C-19">
      <ModulePath>C:\WINDOWS\Microsoft.Net\assembly\GAC_MSIL\WindowsBase\v4.0_4.0.0.0__31bf3856ad364e35\WindowsBase.dll</ModulePath>
      <ModuleTime>2017-04-27T21:18:10.8042706Z</ModuleTime>
      <ModuleName>WindowsBase</ModuleName>
      <Classes />
    </Module>
    <Module skippedDueTo="Filter" hash="4B-EF-AE-61-E0-96-06-4A-B9-10-24-60-20-BC-8F-72-C0-B8-09-97">
      <ModulePath>C:\WINDOWS\Microsoft.Net\assembly\GAC_MSIL\System.Xaml\v4.0_4.0.0.0__b77a5c561934e089\System.Xaml.dll</ModulePath>
      <ModuleTime>2017-04-27T21:18:09.3822827Z</ModuleTime>
      <ModuleName>System.Xaml</ModuleName>
      <Classes />
    </Module>
    <Module skippedDueTo="Filter" hash="C6-20-00-BB-B9-E3-BA-70-7D-00-FC-42-49-A3-47-16-E0-48-3E-78">
      <ModulePath>C:\WINDOWS\Microsoft.Net\assembly\GAC_MSIL\System.Windows.Forms\v4.0_4.0.0.0__b77a5c561934e089\System.Windows.Forms.dll</ModulePath>
      <ModuleTime>2017-04-10T05:14:04.0254468Z</ModuleTime>
      <ModuleName>System.Windows.Forms</ModuleName>
      <Classes />
    </Module>
    <Module skippedDueTo="Filter" hash="C7-2C-D0-08-03-5D-C4-61-02-5E-63-CC-21-84-70-09-6E-D7-B7-B1">
      <ModulePath>C:\WINDOWS\Microsoft.Net\assembly\GAC_MSIL\System.Drawing\v4.0_4.0.0.0__b03f5f7f11d50a3a\System.Drawing.dll</ModulePath>
      <ModuleTime>2017-03-18T20:59:47.8222286Z</ModuleTime>
      <ModuleName>System.Drawing</ModuleName>
      <Classes />
    </Module>
    <Module skippedDueTo="MissingPdb" hash="D0-43-6C-C3-D1-7F-35-FB-84-73-7D-E5-D2-3E-E1-6A-F1-62-F4-89">
      <ModulePath>C:\Program Files (x86)\Microsoft Visual Studio\2017\Community\Common7\IDE\PrivateAssemblies\DataCollectors\Microsoft.VisualStudio.Enterprise.AspNetHelper.dll</ModulePath>
      <ModuleTime>2017-04-10T23:51:37.3571628Z</ModuleTime>
      <ModuleName>Microsoft.VisualStudio.Enterprise.AspNetHelper</ModuleName>
      <Classes />
    </Module>
    <Module skippedDueTo="MissingPdb" hash="0C-94-5A-27-F7-8F-D9-88-2F-9F-49-7E-09-B1-97-3C-85-4C-32-86">
      <ModulePath>C:\Program Files (x86)\Microsoft Visual Studio\2017\Community\Common7\IDE\PublicAssemblies\VsWebSite.Interop.dll</ModulePath>
      <ModuleTime>2017-05-10T15:43:20.7242842Z</ModuleTime>
      <ModuleName>VsWebSite.Interop</ModuleName>
      <Classes />
    </Module>
    <Module skippedDueTo="MissingPdb" hash="54-AD-AC-AF-49-C7-9D-3E-EB-03-FC-65-DB-E8-73-5F-A5-AE-B8-C2">
      <ModulePath>C:\Program Files (x86)\Microsoft Visual Studio\2017\Community\Common7\IDE\PrivateAssemblies\DataCollectors\Microsoft.VisualStudio.PerformanceTools.DataCollection.dll</ModulePath>
      <ModuleTime>2017-04-10T23:51:37.3571628Z</ModuleTime>
      <ModuleName>Microsoft.VisualStudio.PerformanceTools.DataCollection</ModuleName>
      <Classes />
    </Module>
    <Module skippedDueTo="MissingPdb" hash="5E-98-8E-A7-55-49-43-32-2F-F9-61-53-64-28-34-77-6B-72-58-33">
      <ModulePath>C:\Program Files (x86)\Microsoft Visual Studio\2017\Community\Common7\IDE\PrivateAssemblies\DataCollectors\Microsoft.VisualStudio.PerformanceTools.DataCollection.Editor.dll</ModulePath>
      <ModuleTime>2017-04-10T23:51:37.3571628Z</ModuleTime>
      <ModuleName>Microsoft.VisualStudio.PerformanceTools.DataCollection.Editor</ModuleName>
      <Classes />
    </Module>
    <Module skippedDueTo="MissingPdb" hash="1E-DE-E5-F5-E8-96-DA-4A-47-9B-D4-93-6F-99-C1-60-CF-E4-F6-AE">
      <ModulePath>C:\Program Files (x86)\Microsoft Visual Studio\2017\Community\Common7\IDE\PrivateAssemblies\DataCollectors\Microsoft.VisualStudio.TraceCollector.dll</ModulePath>
      <ModuleTime>2017-03-13T21:39:07.4430363Z</ModuleTime>
      <ModuleName>Microsoft.VisualStudio.TraceCollector</ModuleName>
      <Classes />
    </Module>
    <Module skippedDueTo="MissingPdb" hash="2B-C4-31-CF-20-69-7A-CC-0A-AA-07-C7-C7-EF-25-3A-FE-34-7F-18">
      <ModulePath>C:\Program Files (x86)\Microsoft Visual Studio\2017\Community\Common7\IDE\PrivateAssemblies\Microsoft.VisualStudio.ArchitectureTools.PEReader.dll</ModulePath>
      <ModuleTime>2017-03-13T21:39:07.4430363Z</ModuleTime>
      <ModuleName>Microsoft.VisualStudio.ArchitectureTools.PEReader</ModuleName>
      <Classes />
    </Module>
    <Module skippedDueTo="MissingPdb" hash="8C-98-B7-05-A9-C8-E8-A5-D0-CA-CE-E9-DC-DD-63-3C-8F-89-35-D9">
      <ModulePath>C:\Program Files (x86)\Microsoft Visual Studio\2017\Community\Common7\IDE\PrivateAssemblies\Microsoft.IntelliTrace.Core.dll</ModulePath>
      <ModuleTime>2017-03-13T21:39:07.4430363Z</ModuleTime>
      <ModuleName>Microsoft.IntelliTrace.Core</ModuleName>
      <Classes />
    </Module>
    <Module skippedDueTo="MissingPdb" hash="D3-22-40-E1-73-9C-CC-AB-D3-15-14-5E-28-5D-36-A9-2D-2A-C7-75">
      <ModulePath>C:\Program Files (x86)\Microsoft Visual Studio\2017\Community\Common7\IDE\PrivateAssemblies\DataCollectors\VSPerfControl.Interop.dll</ModulePath>
      <ModuleTime>2017-04-10T23:51:37.3571628Z</ModuleTime>
      <ModuleName>VSPerfControl.Interop</ModuleName>
      <Classes />
    </Module>
    <Module skippedDueTo="MissingPdb" hash="">
      <ModulePath>RefEmit_InMemoryManifestModule</ModulePath>
      <ModuleTime>0001-01-01T00:00:00</ModuleTime>
      <ModuleName>Anonymously Hosted DynamicMethods Assembly</ModuleName>
      <Classes />
    </Module>
    <Module skippedDueTo="MissingPdb" hash="0C-94-5A-27-F7-8F-D9-88-2F-9F-49-7E-09-B1-97-3C-85-4C-32-86">
      <ModulePath>C:\Program Files (x86)\Microsoft Visual Studio\2017\Community\Common7\IDE\PrivateAssemblies\DataCollectors\VsWebSite.Interop.dll</ModulePath>
      <ModuleTime>2017-04-10T23:51:37.3571628Z</ModuleTime>
      <ModuleName>VsWebSite.Interop</ModuleName>
      <Classes />
    </Module>
    <Module skippedDueTo="Filter" hash="27-66-C8-D0-90-FA-62-6B-33-AF-58-9A-78-FF-5F-A5-A4-8E-85-75">
      <ModulePath>C:\WINDOWS\Microsoft.Net\assembly\GAC_MSIL\System.Reflection\v4.0_4.0.0.0__b03f5f7f11d50a3a\System.Reflection.dll</ModulePath>
      <ModuleTime>2017-03-18T20:59:42.2436309Z</ModuleTime>
      <ModuleName>System.Reflection</ModuleName>
      <Classes />
    </Module>
    <Module skippedDueTo="Filter" hash="FE-79-A5-A5-5E-89-A9-B1-A2-5F-4E-A0-A3-18-92-DA-E0-D6-FC-27">
      <ModulePath>C:\WINDOWS\Microsoft.Net\assembly\GAC_MSIL\System.Globalization\v4.0_4.0.0.0__b03f5f7f11d50a3a\System.Globalization.dll</ModulePath>
      <ModuleTime>2017-03-18T20:59:46.118959Z</ModuleTime>
      <ModuleName>System.Globalization</ModuleName>
      <Classes />
    </Module>
  </Modules>
</CoverageSession>